[debug] [2025-07-03T06:19:18.469Z] ----------------------------------------------------------------------
[debug] [2025-07-03T06:19:18.472Z] Command:       C:\Program Files\nodejs\node.exe C:\Users\alpha\AppData\Roaming\npm\node_modules\firebase-tools\lib\bin\firebase.js deploy --only functions
[debug] [2025-07-03T06:19:18.472Z] CLI Version:   14.9.0
[debug] [2025-07-03T06:19:18.472Z] Platform:      win32
[debug] [2025-07-03T06:19:18.472Z] Node Version:  v22.16.0
[debug] [2025-07-03T06:19:18.473Z] Time:          Thu Jul 03 2025 08:19:18 GMT+0200 (Central European Summer Time)
[debug] [2025-07-03T06:19:18.473Z] ----------------------------------------------------------------------
[debug] 
[debug] [2025-07-03T06:19:18.661Z] Field "/functions" in "firebase.json" is possibly invalid: must be object
[debug] [2025-07-03T06:19:18.662Z] Object "/functions/0" in "firebase.json" has unknown property: {"additionalProperty":"platform"}
[debug] [2025-07-03T06:19:18.662Z] Field "/functions" in "firebase.json" is possibly invalid: must match a schema in anyOf
[debug] [2025-07-03T06:19:18.665Z] > command requires scopes: ["email","openid","https://www.googleapis.com/auth/cloudplatformprojects.readonly","https://www.googleapis.com/auth/firebase","https://www.googleapis.com/auth/cloud-platform"]
[debug] [2025-07-03T06:19:18.665Z] > authorizing via signed-in user (alphaservis@alphaservis.com)
[debug] [2025-07-03T06:19:18.665Z] [iam] checking project alphamanager-c2ca9 for permissions ["cloudfunctions.functions.create","cloudfunctions.functions.delete","cloudfunctions.functions.get","cloudfunctions.functions.list","cloudfunctions.functions.update","cloudfunctions.operations.get","firebase.projects.get"]
[debug] [2025-07-03T06:19:18.666Z] Checked if tokens are valid: true, expires at: 1751526530980
[debug] [2025-07-03T06:19:18.667Z] Checked if tokens are valid: true, expires at: 1751526530980
[debug] [2025-07-03T06:19:18.667Z] >>> [apiv2][query] POST https://cloudresourcemanager.googleapis.com/v1/projects/alphamanager-c2ca9:testIamPermissions [none]
[debug] [2025-07-03T06:19:18.667Z] >>> [apiv2][(partial)header] POST https://cloudresourcemanager.googleapis.com/v1/projects/alphamanager-c2ca9:testIamPermissions x-goog-quota-user=projects/alphamanager-c2ca9
[debug] [2025-07-03T06:19:18.668Z] >>> [apiv2][body] POST https://cloudresourcemanager.googleapis.com/v1/projects/alphamanager-c2ca9:testIamPermissions {"permissions":["cloudfunctions.functions.create","cloudfunctions.functions.delete","cloudfunctions.functions.get","cloudfunctions.functions.list","cloudfunctions.functions.update","cloudfunctions.operations.get","firebase.projects.get"]}
[debug] [2025-07-03T06:19:19.217Z] <<< [apiv2][status] POST https://cloudresourcemanager.googleapis.com/v1/projects/alphamanager-c2ca9:testIamPermissions 200
[debug] [2025-07-03T06:19:19.217Z] <<< [apiv2][body] POST https://cloudresourcemanager.googleapis.com/v1/projects/alphamanager-c2ca9:testIamPermissions {"permissions":["cloudfunctions.functions.create","cloudfunctions.functions.delete","cloudfunctions.functions.get","cloudfunctions.functions.list","cloudfunctions.functions.update","cloudfunctions.operations.get","firebase.projects.get"]}
[debug] [2025-07-03T06:19:19.217Z] Checked if tokens are valid: true, expires at: 1751526530980
[debug] [2025-07-03T06:19:19.217Z] Checked if tokens are valid: true, expires at: 1751526530980
[debug] [2025-07-03T06:19:19.217Z] >>> [apiv2][query] POST https://iam.googleapis.com/v1/projects/alphamanager-c2ca9/serviceAccounts/alphamanager-c2ca9@appspot.gserviceaccount.com:testIamPermissions [none]
[debug] [2025-07-03T06:19:19.217Z] >>> [apiv2][body] POST https://iam.googleapis.com/v1/projects/alphamanager-c2ca9/serviceAccounts/alphamanager-c2ca9@appspot.gserviceaccount.com:testIamPermissions {"permissions":["iam.serviceAccounts.actAs"]}
[debug] [2025-07-03T06:19:19.764Z] <<< [apiv2][status] POST https://iam.googleapis.com/v1/projects/alphamanager-c2ca9/serviceAccounts/alphamanager-c2ca9@appspot.gserviceaccount.com:testIamPermissions 200
[debug] [2025-07-03T06:19:19.764Z] <<< [apiv2][body] POST https://iam.googleapis.com/v1/projects/alphamanager-c2ca9/serviceAccounts/alphamanager-c2ca9@appspot.gserviceaccount.com:testIamPermissions {"permissions":["iam.serviceAccounts.actAs"]}
[info] 
[info] === Deploying to 'alphamanager-c2ca9'...
[info] 
[info] i  deploying functions 
[info] Running command: npm --prefix "$RESOURCE_DIR" run lint
[info] +  functions: Finished running predeploy script. 
[debug] [2025-07-03T06:19:22.868Z] Checked if tokens are valid: true, expires at: 1751526530980
[debug] [2025-07-03T06:19:22.868Z] Checked if tokens are valid: true, expires at: 1751526530980
[debug] [2025-07-03T06:19:22.868Z] >>> [apiv2][query] GET https://cloudresourcemanager.googleapis.com/v1/projects/alphamanager-c2ca9 [none]
[debug] [2025-07-03T06:19:23.091Z] <<< [apiv2][status] GET https://cloudresourcemanager.googleapis.com/v1/projects/alphamanager-c2ca9 200
[debug] [2025-07-03T06:19:23.091Z] <<< [apiv2][body] GET https://cloudresourcemanager.googleapis.com/v1/projects/alphamanager-c2ca9 {"projectNumber":"637524389705","projectId":"alphamanager-c2ca9","lifecycleState":"ACTIVE","name":"alphamanager","labels":{"firebase":"enabled","firebase-core":"disabled"},"createTime":"2025-06-26T14:03:39.660407Z","parent":{"type":"organization","id":"742102465815"}}
[info] i  functions: preparing codebase default for deployment 
[info] i  functions: ensuring required API cloudfunctions.googleapis.com is enabled... 
[info] i  functions: ensuring required API cloudbuild.googleapis.com is enabled... 
[info] i  artifactregistry: ensuring required API artifactregistry.googleapis.com is enabled... 
[debug] [2025-07-03T06:19:23.100Z] Checked if tokens are valid: true, expires at: 1751526530980
[debug] [2025-07-03T06:19:23.101Z] Checked if tokens are valid: true, expires at: 1751526530980
[debug] [2025-07-03T06:19:23.101Z] >>> [apiv2][query] GET https://firebase.googleapis.com/v1beta1/projects/alphamanager-c2ca9/adminSdkConfig [none]
[debug] [2025-07-03T06:19:23.715Z] <<< [apiv2][status] GET https://firebase.googleapis.com/v1beta1/projects/alphamanager-c2ca9/adminSdkConfig 200
[debug] [2025-07-03T06:19:23.715Z] <<< [apiv2][body] GET https://firebase.googleapis.com/v1beta1/projects/alphamanager-c2ca9/adminSdkConfig {"projectId":"alphamanager-c2ca9","storageBucket":"alphamanager-c2ca9.firebasestorage.app"}
[debug] [2025-07-03T06:19:23.715Z] Checked if tokens are valid: true, expires at: 1751526530980
[debug] [2025-07-03T06:19:23.715Z] Checked if tokens are valid: true, expires at: 1751526530980
[debug] [2025-07-03T06:19:23.715Z] >>> [apiv2][query] GET https://runtimeconfig.googleapis.com/v1beta1/projects/alphamanager-c2ca9/configs [none]
[debug] [2025-07-03T06:19:24.368Z] <<< [apiv2][status] GET https://runtimeconfig.googleapis.com/v1beta1/projects/alphamanager-c2ca9/configs 200
[debug] [2025-07-03T06:19:24.369Z] <<< [apiv2][body] GET https://runtimeconfig.googleapis.com/v1beta1/projects/alphamanager-c2ca9/configs {"configs":[{"name":"projects/alphamanager-c2ca9/configs/woocommerce"}]}
[debug] [2025-07-03T06:19:24.369Z] Checked if tokens are valid: true, expires at: 1751526530980
[debug] [2025-07-03T06:19:24.369Z] Checked if tokens are valid: true, expires at: 1751526530980
[debug] [2025-07-03T06:19:24.369Z] >>> [apiv2][query] GET https://runtimeconfig.googleapis.com/v1beta1/projects/alphamanager-c2ca9/configs/woocommerce/variables [none]
[debug] [2025-07-03T06:19:24.756Z] <<< [apiv2][status] GET https://runtimeconfig.googleapis.com/v1beta1/projects/alphamanager-c2ca9/configs/woocommerce/variables 200
[debug] [2025-07-03T06:19:24.757Z] <<< [apiv2][body] GET https://runtimeconfig.googleapis.com/v1beta1/projects/alphamanager-c2ca9/configs/woocommerce/variables {"variables":[{"name":"projects/alphamanager-c2ca9/configs/woocommerce/variables/consumer_key","updateTime":"2025-06-30T12:52:35.990745578Z"},{"name":"projects/alphamanager-c2ca9/configs/woocommerce/variables/consumer_secret","updateTime":"2025-06-30T12:52:36.745957871Z"},{"name":"projects/alphamanager-c2ca9/configs/woocommerce/variables/store_url","updateTime":"2025-06-30T12:52:36.766308656Z"}]}
[debug] [2025-07-03T06:19:24.757Z] Checked if tokens are valid: true, expires at: 1751526530980
[debug] [2025-07-03T06:19:24.757Z] Checked if tokens are valid: true, expires at: 1751526530980
[debug] [2025-07-03T06:19:24.757Z] Checked if tokens are valid: true, expires at: 1751526530980
[debug] [2025-07-03T06:19:24.757Z] Checked if tokens are valid: true, expires at: 1751526530980
[debug] [2025-07-03T06:19:24.757Z] Checked if tokens are valid: true, expires at: 1751526530980
[debug] [2025-07-03T06:19:24.758Z] Checked if tokens are valid: true, expires at: 1751526530980
[debug] [2025-07-03T06:19:24.758Z] >>> [apiv2][query] GET https://runtimeconfig.googleapis.com/v1beta1/projects/alphamanager-c2ca9/configs/woocommerce/variables/consumer_key [none]
[debug] [2025-07-03T06:19:24.758Z] >>> [apiv2][query] GET https://runtimeconfig.googleapis.com/v1beta1/projects/alphamanager-c2ca9/configs/woocommerce/variables/consumer_secret [none]
[debug] [2025-07-03T06:19:24.760Z] >>> [apiv2][query] GET https://runtimeconfig.googleapis.com/v1beta1/projects/alphamanager-c2ca9/configs/woocommerce/variables/store_url [none]
[debug] [2025-07-03T06:19:25.146Z] <<< [apiv2][status] GET https://runtimeconfig.googleapis.com/v1beta1/projects/alphamanager-c2ca9/configs/woocommerce/variables/consumer_key 200
[debug] [2025-07-03T06:19:25.146Z] <<< [apiv2][body] GET https://runtimeconfig.googleapis.com/v1beta1/projects/alphamanager-c2ca9/configs/woocommerce/variables/consumer_key {"name":"projects/alphamanager-c2ca9/configs/woocommerce/variables/consumer_key","updateTime":"2025-06-30T12:52:35.990745578Z","text":"ck_17b754c567fa0c066822538ea722b6f47fff5c78"}
[debug] [2025-07-03T06:19:25.376Z] <<< [apiv2][status] GET https://runtimeconfig.googleapis.com/v1beta1/projects/alphamanager-c2ca9/configs/woocommerce/variables/store_url 200
[debug] [2025-07-03T06:19:25.376Z] <<< [apiv2][body] GET https://runtimeconfig.googleapis.com/v1beta1/projects/alphamanager-c2ca9/configs/woocommerce/variables/store_url {"name":"projects/alphamanager-c2ca9/configs/woocommerce/variables/store_url","updateTime":"2025-06-30T12:52:36.766308656Z","text":"https://alphaservis.hr/"}
[debug] [2025-07-03T06:19:25.385Z] <<< [apiv2][status] GET https://runtimeconfig.googleapis.com/v1beta1/projects/alphamanager-c2ca9/configs/woocommerce/variables/consumer_secret 200
[debug] [2025-07-03T06:19:25.386Z] <<< [apiv2][body] GET https://runtimeconfig.googleapis.com/v1beta1/projects/alphamanager-c2ca9/configs/woocommerce/variables/consumer_secret {"name":"projects/alphamanager-c2ca9/configs/woocommerce/variables/consumer_secret","updateTime":"2025-06-30T12:52:36.745957871Z","text":"cs_25f563c51d203ac45633875238b60efcc452fbe3"}
[debug] [2025-07-03T06:19:25.387Z] Validating nodejs source
[debug] [2025-07-03T06:19:26.109Z] > [functions] package.json contents: {
  "name": "functions",
  "description": "Cloud Functions for Firebase",
  "scripts": {
    "lint": "eslint .",
    "serve": "firebase emulators:start --only functions",
    "shell": "firebase functions:shell",
    "start": "npm run shell",
    "deploy": "firebase deploy --only functions",
    "logs": "firebase functions:log"
  },
  "engines": {
    "node": "20"
  },
  "main": "index.js",
  "dependencies": {
    "firebase-admin": "^12.6.0",
    "firebase-functions": "^6.3.2"
  },
  "devDependencies": {
    "eslint": "^8.15.0",
    "eslint-config-google": "^0.14.0",
    "firebase-functions-test": "^3.1.0"
  },
  "private": true
}
[debug] [2025-07-03T06:19:26.109Z] Building nodejs source
[info] i  functions: Loading and analyzing source code for codebase default to determine what to deploy 
[debug] [2025-07-03T06:19:26.110Z] Could not find functions.yaml. Must use http discovery
[debug] [2025-07-03T06:19:26.118Z] Found firebase-functions binary at 'C:\Users\alpha\Documents\Projects\alphamanager\functions\node_modules\.bin\firebase-functions'
[info] Serving at port 8342

[debug] [2025-07-03T06:19:26.625Z] Got response from /__/functions.yaml {"endpoints":{"syncWooCommerceStock":{"availableMemoryMb":null,"timeoutSeconds":null,"minInstances":null,"maxInstances":null,"ingressSettings":null,"concurrency":null,"serviceAccountEmail":null,"vpc":null,"platform":"gcfv2","labels":{},"callableTrigger":{},"entryPoint":"syncWooCommerceStock"}},"specVersion":"v1alpha1","requiredAPIs":[],"extensions":{}}
[info] i  extensions: ensuring required API firebaseextensions.googleapis.com is enabled... 
[debug] [2025-07-03T06:19:30.667Z] > command requires scopes: ["email","openid","https://www.googleapis.com/auth/cloudplatformprojects.readonly","https://www.googleapis.com/auth/firebase","https://www.googleapis.com/auth/cloud-platform"]
[debug] [2025-07-03T06:19:30.668Z] > authorizing via signed-in user (alphaservis@alphaservis.com)
[debug] [2025-07-03T06:19:30.668Z] [iam] checking project alphamanager-c2ca9 for permissions ["firebase.projects.get","firebaseextensions.instances.list"]
[debug] [2025-07-03T06:19:30.668Z] Checked if tokens are valid: true, expires at: 1751526530980
[debug] [2025-07-03T06:19:30.668Z] Checked if tokens are valid: true, expires at: 1751526530980
[debug] [2025-07-03T06:19:30.669Z] >>> [apiv2][query] POST https://cloudresourcemanager.googleapis.com/v1/projects/alphamanager-c2ca9:testIamPermissions [none]
[debug] [2025-07-03T06:19:30.669Z] >>> [apiv2][(partial)header] POST https://cloudresourcemanager.googleapis.com/v1/projects/alphamanager-c2ca9:testIamPermissions x-goog-quota-user=projects/alphamanager-c2ca9
[debug] [2025-07-03T06:19:30.669Z] >>> [apiv2][body] POST https://cloudresourcemanager.googleapis.com/v1/projects/alphamanager-c2ca9:testIamPermissions {"permissions":["firebase.projects.get","firebaseextensions.instances.list"]}
[debug] [2025-07-03T06:19:31.097Z] <<< [apiv2][status] POST https://cloudresourcemanager.googleapis.com/v1/projects/alphamanager-c2ca9:testIamPermissions 200
[debug] [2025-07-03T06:19:31.098Z] <<< [apiv2][body] POST https://cloudresourcemanager.googleapis.com/v1/projects/alphamanager-c2ca9:testIamPermissions {"permissions":["firebase.projects.get","firebaseextensions.instances.list"]}
[debug] [2025-07-03T06:19:31.098Z] Checked if tokens are valid: true, expires at: 1751526530980
[debug] [2025-07-03T06:19:31.098Z] Checked if tokens are valid: true, expires at: 1751526530980
[debug] [2025-07-03T06:19:31.098Z] >>> [apiv2][query] GET https://firebaseextensions.googleapis.com/v1beta/projects/alphamanager-c2ca9/instances pageSize=100&pageToken=
[debug] [2025-07-03T06:19:31.801Z] <<< [apiv2][status] GET https://firebaseextensions.googleapis.com/v1beta/projects/alphamanager-c2ca9/instances 200
[debug] [2025-07-03T06:19:31.801Z] <<< [apiv2][body] GET https://firebaseextensions.googleapis.com/v1beta/projects/alphamanager-c2ca9/instances {}
[info] i  functions: preparing functions directory for uploading... 
[info] i  functions: packaged C:\Users\alpha\Documents\Projects\alphamanager\functions (78.87 KB) for uploading 
[debug] [2025-07-03T06:19:31.841Z] Checked if tokens are valid: true, expires at: 1751526530980
[debug] [2025-07-03T06:19:31.841Z] Checked if tokens are valid: true, expires at: 1751526530980
[debug] [2025-07-03T06:19:31.841Z] >>> [apiv2][query] GET https://cloudfunctions.googleapis.com/v1/projects/alphamanager-c2ca9/locations/-/functions [none]
[debug] [2025-07-03T06:19:32.716Z] <<< [apiv2][status] GET https://cloudfunctions.googleapis.com/v1/projects/alphamanager-c2ca9/locations/-/functions 200
[debug] [2025-07-03T06:19:32.716Z] <<< [apiv2][body] GET https://cloudfunctions.googleapis.com/v1/projects/alphamanager-c2ca9/locations/-/functions {}
[debug] [2025-07-03T06:19:32.717Z] Checked if tokens are valid: true, expires at: 1751526530980
[debug] [2025-07-03T06:19:32.718Z] Checked if tokens are valid: true, expires at: 1751526530980
[debug] [2025-07-03T06:19:32.718Z] >>> [apiv2][query] GET https://cloudfunctions.googleapis.com/v2/projects/alphamanager-c2ca9/locations/-/functions filter=environment%3D%22GEN_2%22
[debug] [2025-07-03T06:19:33.295Z] <<< [apiv2][status] GET https://cloudfunctions.googleapis.com/v2/projects/alphamanager-c2ca9/locations/-/functions 200
[debug] [2025-07-03T06:19:33.295Z] <<< [apiv2][body] GET https://cloudfunctions.googleapis.com/v2/projects/alphamanager-c2ca9/locations/-/functions {}
[info] i  functions: ensuring required API run.googleapis.com is enabled... 
[info] i  functions: ensuring required API eventarc.googleapis.com is enabled... 
[info] i  functions: ensuring required API pubsub.googleapis.com is enabled... 
[info] i  functions: ensuring required API storage.googleapis.com is enabled... 
[info] i  functions: generating the service identity for pubsub.googleapis.com... 
[debug] [2025-07-03T06:19:33.298Z] Checked if tokens are valid: true, expires at: 1751526530980
[debug] [2025-07-03T06:19:33.298Z] Checked if tokens are valid: true, expires at: 1751526530980
[info] i  functions: generating the service identity for eventarc.googleapis.com... 
[debug] [2025-07-03T06:19:33.299Z] Checked if tokens are valid: true, expires at: 1751526530980
[debug] [2025-07-03T06:19:33.299Z] Checked if tokens are valid: true, expires at: 1751526530980
[debug] [2025-07-03T06:19:33.299Z] >>> [apiv2][query] POST https://serviceusage.googleapis.com/v1beta1/projects/637524389705/services/pubsub.googleapis.com:generateServiceIdentity [none]
[debug] [2025-07-03T06:19:33.299Z] >>> [apiv2][(partial)header] POST https://serviceusage.googleapis.com/v1beta1/projects/637524389705/services/pubsub.googleapis.com:generateServiceIdentity x-goog-quota-user=projects/637524389705
[debug] [2025-07-03T06:19:33.299Z] >>> [apiv2][body] POST https://serviceusage.googleapis.com/v1beta1/projects/637524389705/services/pubsub.googleapis.com:generateServiceIdentity {}
[debug] [2025-07-03T06:19:33.300Z] >>> [apiv2][query] POST https://serviceusage.googleapis.com/v1beta1/projects/637524389705/services/eventarc.googleapis.com:generateServiceIdentity [none]
[debug] [2025-07-03T06:19:33.300Z] >>> [apiv2][(partial)header] POST https://serviceusage.googleapis.com/v1beta1/projects/637524389705/services/eventarc.googleapis.com:generateServiceIdentity x-goog-quota-user=projects/637524389705
[debug] [2025-07-03T06:19:33.300Z] >>> [apiv2][body] POST https://serviceusage.googleapis.com/v1beta1/projects/637524389705/services/eventarc.googleapis.com:generateServiceIdentity {}
[debug] [2025-07-03T06:19:34.051Z] <<< [apiv2][status] POST https://serviceusage.googleapis.com/v1beta1/projects/637524389705/services/pubsub.googleapis.com:generateServiceIdentity 200
[debug] [2025-07-03T06:19:34.051Z] <<< [apiv2][body] POST https://serviceusage.googleapis.com/v1beta1/projects/637524389705/services/pubsub.googleapis.com:generateServiceIdentity {"name":"operations/finished.DONE_OPERATION","done":true,"response":{"@type":"type.googleapis.com/google.api.serviceusage.v1beta1.ServiceIdentity","email":"service-637524389705@gcp-sa-pubsub.iam.gserviceaccount.com","uniqueId":"115145110290994798520"}}
[debug] [2025-07-03T06:19:34.107Z] <<< [apiv2][status] POST https://serviceusage.googleapis.com/v1beta1/projects/637524389705/services/eventarc.googleapis.com:generateServiceIdentity 200
[debug] [2025-07-03T06:19:34.107Z] <<< [apiv2][body] POST https://serviceusage.googleapis.com/v1beta1/projects/637524389705/services/eventarc.googleapis.com:generateServiceIdentity {"name":"operations/finished.DONE_OPERATION","done":true,"response":{"@type":"type.googleapis.com/google.api.serviceusage.v1beta1.ServiceIdentity","email":"service-637524389705@gcp-sa-eventarc.iam.gserviceaccount.com","uniqueId":"100449745135747381522"}}
[debug] [2025-07-03T06:19:34.111Z] Checked if tokens are valid: true, expires at: 1751526530980
[debug] [2025-07-03T06:19:34.112Z] Checked if tokens are valid: true, expires at: 1751526530980
[debug] [2025-07-03T06:19:34.112Z] >>> [apiv2][query] GET https://cloudresourcemanager.googleapis.com/v1/projects/alphamanager-c2ca9 [none]
[debug] [2025-07-03T06:19:34.347Z] <<< [apiv2][status] GET https://cloudresourcemanager.googleapis.com/v1/projects/alphamanager-c2ca9 200
[debug] [2025-07-03T06:19:34.348Z] <<< [apiv2][body] GET https://cloudresourcemanager.googleapis.com/v1/projects/alphamanager-c2ca9 {"projectNumber":"637524389705","projectId":"alphamanager-c2ca9","lifecycleState":"ACTIVE","name":"alphamanager","labels":{"firebase":"enabled","firebase-core":"disabled"},"createTime":"2025-06-26T14:03:39.660407Z","parent":{"type":"organization","id":"742102465815"}}
[debug] [2025-07-03T06:19:34.349Z] Checked if tokens are valid: true, expires at: 1751526530980
[debug] [2025-07-03T06:19:34.349Z] Checked if tokens are valid: true, expires at: 1751526530980
[debug] [2025-07-03T06:19:34.349Z] >>> [apiv2][query] GET https://compute.googleapis.com/compute/v1/projects/637524389705 [none]
[debug] [2025-07-03T06:19:35.023Z] <<< [apiv2][status] GET https://compute.googleapis.com/compute/v1/projects/637524389705 200
[debug] [2025-07-03T06:19:35.023Z] <<< [apiv2][body] GET https://compute.googleapis.com/compute/v1/projects/637524389705 {"kind":"compute#project","id":"7049726058199670100","creationTimestamp":"2025-07-01T06:33:47.545-07:00","name":"alphamanager-c2ca9","commonInstanceMetadata":{"kind":"compute#metadata","fingerprint":"bASDqmrUFWY="},"quotas":[{"metric":"SNAPSHOTS","limit":1000,"usage":0},{"metric":"NETWORKS","limit":5,"usage":1},{"metric":"FIREWALLS","limit":100,"usage":4},{"metric":"IMAGES","limit":100,"usage":0},{"metric":"STATIC_ADDRESSES","limit":8,"usage":0},{"metric":"ROUTES","limit":200,"usage":0},{"metric":"FORWARDING_RULES","limit":15,"usage":0},{"metric":"TARGET_POOLS","limit":50,"usage":0},{"metric":"HEALTH_CHECKS","limit":75,"usage":0},{"metric":"IN_USE_ADDRESSES","limit":8,"usage":0},{"metric":"TARGET_INSTANCES","limit":50,"usage":0},{"metric":"TARGET_HTTP_PROXIES","limit":10,"usage":0},{"metric":"URL_MAPS","limit":10,"usage":0},{"metric":"BACKEND_SERVICES","limit":50,"usage":0},{"metric":"INSTANCE_TEMPLATES","limit":100,"usage":0},{"metric":"TARGET_VPN_GATEWAYS","limit":5,"usage":0},{"metric":"VPN_TUNNELS","limit":10,"usage":0},{"metric":"BACKEND_BUCKETS","limit":3,"usage":0},{"metric":"ROUTERS","limit":10,"usage":0},{"metric":"TARGET_SSL_PROXIES","limit":10,"usage":0},{"metric":"TARGET_HTTPS_PROXIES","limit":10,"usage":0},{"metric":"SSL_CERTIFICATES","limit":10,"usage":0},{"metric":"SUBNETWORKS","limit":100,"usage":0},{"metric":"TARGET_TCP_PROXIES","limit":10,"usage":0},{"metric":"CPUS_ALL_REGIONS","limit":32,"usage":0},{"metric":"SECURITY_POLICIES","limit":10,"usage":0},{"metric":"SECURITY_POLICY_RULES","limit":100,"usage":0},{"metric":"XPN_SERVICE_PROJECTS","limit":1000,"usage":0},{"metric":"PACKET_MIRRORINGS","limit":20,"usage":0},{"metric":"NETWORK_ENDPOINT_GROUPS","limit":100,"usage":0},{"metric":"INTERCONNECTS","limit":6,"usage":0},{"metric":"SSL_POLICIES","limit":10,"usage":0},{"metric":"GLOBAL_INTERNAL_ADDRESSES","limit":5000,"usage":0},{"metric":"VPN_GATEWAYS","limit":5,"usage":0},{"metric":"MACHINE_IMAGES","limit":100,"usage":0},{"metric":"SECURITY_POLICY_CEVAL_RULES","limit":20,"usage":0},{"metric":"GPUS_ALL_REGIONS","limit":0,"usage":0},{"metric":"EXTERNAL_VPN_GATEWAYS","limit":5,"usage":0},{"metric":"PUBLIC_ADVERTISED_PREFIXES","limit":1,"usage":0},{"metric":"PUBLIC_DELEGATED_PREFIXES","limit":10,"usage":0},{"metric":"STATIC_BYOIP_ADDRESSES","limit":128,"usage":0},{"metric":"NETWORK_FIREWALL_POLICIES","limit":10,"usage":0},{"metric":"INTERNAL_TRAFFIC_DIRECTOR_FORWARDING_RULES","limit":15,"usage":0},{"metric":"GLOBAL_EXTERNAL_MANAGED_FORWARDING_RULES","limit":15,"usage":0},{"metric":"GLOBAL_INTERNAL_MANAGED_BACKEND_SERVICES","limit":50,"usage":0},{"metric":"GLOBAL_EXTERNAL_MANAGED_BACKEND_SERVICES","limit":50,"usage":0},{"metric":"GLOBAL_EXTERNAL_PROXY_LB_BACKEND_SERVICES","limit":50,"usage":0},{"metric":"GLOBAL_INTERNAL_TRAFFIC_DIRECTOR_BACKEND_SERVICES","limit":250,"usage":0}],"selfLink":"https://www.googleapis.com/compute/v1/projects/alphamanager-c2ca9","defaultServiceAccount":"637524389705-compute@developer.gserviceaccount.com","xpnProjectStatus":"UNSPECIFIED_XPN_PROJECT_STATUS","defaultNetworkTier":"PREMIUM","vmDnsSetting":"ZONAL_ONLY","cloudArmorTier":"CA_STANDARD"}
[debug] [2025-07-03T06:19:35.024Z] Checked if tokens are valid: true, expires at: 1751526530980
[debug] [2025-07-03T06:19:35.024Z] Checked if tokens are valid: true, expires at: 1751526530980
[debug] [2025-07-03T06:19:35.024Z] >>> [apiv2][query] GET https://cloudbilling.googleapis.com/v1/projects/alphamanager-c2ca9/billingInfo [none]
[debug] [2025-07-03T06:19:35.574Z] <<< [apiv2][status] GET https://cloudbilling.googleapis.com/v1/projects/alphamanager-c2ca9/billingInfo 200
[debug] [2025-07-03T06:19:35.574Z] <<< [apiv2][body] GET https://cloudbilling.googleapis.com/v1/projects/alphamanager-c2ca9/billingInfo {"name":"projects/alphamanager-c2ca9/billingInfo","projectId":"alphamanager-c2ca9","billingAccountName":"billingAccounts/01E02F-020286-8155DD","billingEnabled":true}
[debug] [2025-07-03T06:19:35.575Z] Checked if tokens are valid: true, expires at: 1751526530980
[debug] [2025-07-03T06:19:35.575Z] Checked if tokens are valid: true, expires at: 1751526530980
[debug] [2025-07-03T06:19:35.575Z] >>> [apiv2][query] POST https://cloudfunctions.googleapis.com/v2/projects/alphamanager-c2ca9/locations/us-central1/functions:generateUploadUrl [none]
[debug] [2025-07-03T06:19:35.990Z] <<< [apiv2][status] POST https://cloudfunctions.googleapis.com/v2/projects/alphamanager-c2ca9/locations/us-central1/functions:generateUploadUrl 200
[debug] [2025-07-03T06:19:35.990Z] <<< [apiv2][body] POST https://cloudfunctions.googleapis.com/v2/projects/alphamanager-c2ca9/locations/us-central1/functions:generateUploadUrl {"uploadUrl":"https://storage.googleapis.com/gcf-v2-uploads-637524389705.us-central1.cloudfunctions.appspot.com/da15c73d-b199-4844-b0f9-c2f2ba806f6a.zip?GoogleAccessId=service-637524389705@gcf-admin-robot.iam.gserviceaccount.com&Expires=1751525375&Signature=jmE0Zx82Rj3GQIHp9qDU4VDUKjdcHs2ARsszVJZ8mwvKb4Op6DWvj8PP1hrEbpBbmj10COzquh6nuEeCDvi3MFp6Dn7OIDVdQMpQ61h%2FkcHP79lMnShwg4aIGID7M5AOju90olSupgW3u%2FDhV66vGkhUZt108NF6uQJoF9VAHoGeS1QGH%2Fv9WNlKSyRFG1IViKeretg8QJA66nYmhn77Dm5IE0Fj%2BPZ8im0CoL%2Bu05wlWuwx63CXKnZHicKUFF0%2FxQU1BcYH5F5ZGOseXkCWOUFeeFqOT2Sm%2FtgEBmgcEPnUSWMSE8G744aJsMxcuol1PArWLPdzb2EOv7Umwcg%2BIA%3D%3D","storageSource":{"bucket":"gcf-v2-uploads-637524389705.us-central1.cloudfunctions.appspot.com","object":"da15c73d-b199-4844-b0f9-c2f2ba806f6a.zip"}}
[debug] [2025-07-03T06:19:35.991Z] >>> [apiv2][query] PUT https://storage.googleapis.com/gcf-v2-uploads-637524389705.us-central1.cloudfunctions.appspot.com/da15c73d-b199-4844-b0f9-c2f2ba806f6a.zip GoogleAccessId=service-637524389705%40gcf-admin-robot.iam.gserviceaccount.com&Expires=1751525375&Signature=jmE0Zx82Rj3GQIHp9qDU4VDUKjdcHs2ARsszVJZ8mwvKb4Op6DWvj8PP1hrEbpBbmj10COzquh6nuEeCDvi3MFp6Dn7OIDVdQMpQ61h%2FkcHP79lMnShwg4aIGID7M5AOju90olSupgW3u%2FDhV66vGkhUZt108NF6uQJoF9VAHoGeS1QGH%2Fv9WNlKSyRFG1IViKeretg8QJA66nYmhn77Dm5IE0Fj%2BPZ8im0CoL%2Bu05wlWuwx63CXKnZHicKUFF0%2FxQU1BcYH5F5ZGOseXkCWOUFeeFqOT2Sm%2FtgEBmgcEPnUSWMSE8G744aJsMxcuol1PArWLPdzb2EOv7Umwcg%2BIA%3D%3D
[debug] [2025-07-03T06:19:35.991Z] >>> [apiv2][body] PUT https://storage.googleapis.com/gcf-v2-uploads-637524389705.us-central1.cloudfunctions.appspot.com/da15c73d-b199-4844-b0f9-c2f2ba806f6a.zip [stream]
[debug] [2025-07-03T06:19:36.802Z] <<< [apiv2][status] PUT https://storage.googleapis.com/gcf-v2-uploads-637524389705.us-central1.cloudfunctions.appspot.com/da15c73d-b199-4844-b0f9-c2f2ba806f6a.zip 200
[debug] [2025-07-03T06:19:36.802Z] <<< [apiv2][body] PUT https://storage.googleapis.com/gcf-v2-uploads-637524389705.us-central1.cloudfunctions.appspot.com/da15c73d-b199-4844-b0f9-c2f2ba806f6a.zip [omitted]
[info] +  functions: functions folder uploaded successfully 
[info] i  functions: creating Node.js 20 (2nd Gen) function syncWooCommerceStock(us-central1)... 
[debug] [2025-07-03T06:19:36.809Z] Checked if tokens are valid: true, expires at: 1751526530980
[debug] [2025-07-03T06:19:36.809Z] Checked if tokens are valid: true, expires at: 1751526530980
[debug] [2025-07-03T06:19:36.810Z] >>> [apiv2][query] POST https://cloudfunctions.googleapis.com/v2/projects/alphamanager-c2ca9/locations/us-central1/functions functionId=syncWooCommerceStock
[debug] [2025-07-03T06:19:36.810Z] >>> [apiv2][body] POST https://cloudfunctions.googleapis.com/v2/projects/alphamanager-c2ca9/locations/us-central1/functions {"name":"projects/alphamanager-c2ca9/locations/us-central1/functions/syncWooCommerceStock","buildConfig":{"runtime":"nodejs20","entryPoint":"syncWooCommerceStock","source":{"storageSource":{"bucket":"gcf-v2-uploads-637524389705.us-central1.cloudfunctions.appspot.com","object":"da15c73d-b199-4844-b0f9-c2f2ba806f6a.zip"}},"environmentVariables":{"GOOGLE_NODE_RUN_SCRIPTS":""}},"serviceConfig":{"environmentVariables":{"FIREBASE_CONFIG":"{\"projectId\":\"alphamanager-c2ca9\",\"storageBucket\":\"alphamanager-c2ca9.firebasestorage.app\"}","GCLOUD_PROJECT":"alphamanager-c2ca9","EVENTARC_CLOUD_EVENT_SOURCE":"projects/alphamanager-c2ca9/locations/us-central1/services/syncWooCommerceStock","FUNCTION_TARGET":"syncWooCommerceStock","LOG_EXECUTION_ID":"true"},"ingressSettings":null,"timeoutSeconds":null,"serviceAccountEmail":null,"availableMemory":"256Mi","minInstanceCount":null,"maxInstanceCount":null,"maxInstanceRequestConcurrency":80,"availableCpu":"1","vpcConnector":null,"vpcConnectorEgressSettings":null},"labels":{"deployment-tool":"cli-firebase","deployment-callable":"true","firebase-functions-hash":"3dc59fd732e66b1e6a9659d76607f206b338162f"}}
[debug] [2025-07-03T06:19:37.598Z] <<< [apiv2][status] POST https://cloudfunctions.googleapis.com/v2/projects/alphamanager-c2ca9/locations/us-central1/functions 200
[debug] [2025-07-03T06:19:37.599Z] <<< [apiv2][body] POST https://cloudfunctions.googleapis.com/v2/projects/alphamanager-c2ca9/locations/us-central1/functions {"name":"projects/alphamanager-c2ca9/locations/us-central1/operations/operation-1751523576946-639005c9e9d63-c59130a3-78c1e266","metadata":{"@type":"type.googleapis.com/google.cloud.functions.v2.OperationMetadata","createTime":"2025-07-03T06:19:37.474134976Z","target":"projects/alphamanager-c2ca9/locations/us-central1/functions/syncWooCommerceStock","verb":"create","cancelRequested":false,"apiVersion":"v2"},"done":false}
[debug] [2025-07-03T06:19:37.601Z] Checked if tokens are valid: true, expires at: 1751526530980
[debug] [2025-07-03T06:19:37.601Z] Checked if tokens are valid: true, expires at: 1751526530980
[debug] [2025-07-03T06:19:37.602Z] >>> [apiv2][query] GET https://cloudfunctions.googleapis.com/v2/projects/alphamanager-c2ca9/locations/us-central1/operations/operation-1751523576946-639005c9e9d63-c59130a3-78c1e266 [none]
[debug] [2025-07-03T06:19:37.926Z] <<< [apiv2][status] GET https://cloudfunctions.googleapis.com/v2/projects/alphamanager-c2ca9/locations/us-central1/operations/operation-1751523576946-639005c9e9d63-c59130a3-78c1e266 200
[debug] [2025-07-03T06:19:37.926Z] <<< [apiv2][body] GET https://cloudfunctions.googleapis.com/v2/projects/alphamanager-c2ca9/locations/us-central1/operations/operation-1751523576946-639005c9e9d63-c59130a3-78c1e266 {"name":"projects/alphamanager-c2ca9/locations/us-central1/operations/operation-1751523576946-639005c9e9d63-c59130a3-78c1e266","metadata":{"@type":"type.googleapis.com/google.cloud.functions.v2.OperationMetadata","createTime":"2025-07-03T06:19:37.474134976Z","target":"projects/alphamanager-c2ca9/locations/us-central1/functions/syncWooCommerceStock","verb":"create","cancelRequested":false,"apiVersion":"v2","requestResource":{"@type":"type.googleapis.com/google.cloud.functions.v2.Function","name":"projects/alphamanager-c2ca9/locations/us-central1/functions/syncWooCommerceStock","buildConfig":{"runtime":"nodejs20","entryPoint":"syncWooCommerceStock","source":{"storageSource":{"bucket":"gcf-v2-sources-637524389705-us-central1","object":"syncWooCommerceStock/function-source.zip","generation":"1751523577207662"}},"environmentVariables":{"GOOGLE_NODE_RUN_SCRIPTS":""},"serviceAccount":"projects/alphamanager-c2ca9/serviceAccounts/637524389705-compute@developer.gserviceaccount.com","automaticUpdatePolicy":{}},"serviceConfig":{"service":"projects/alphamanager-c2ca9/locations/us-central1/services/syncwoocommercestock","timeoutSeconds":60,"environmentVariables":{"FIREBASE_CONFIG":"{\"projectId\":\"alphamanager-c2ca9\",\"storageBucket\":\"alphamanager-c2ca9.firebasestorage.app\"}","GCLOUD_PROJECT":"alphamanager-c2ca9","EVENTARC_CLOUD_EVENT_SOURCE":"projects/alphamanager-c2ca9/locations/us-central1/services/syncWooCommerceStock","FUNCTION_TARGET":"syncWooCommerceStock","LOG_EXECUTION_ID":"true"},"ingressSettings":"ALLOW_ALL","serviceAccountEmail":"637524389705-compute@developer.gserviceaccount.com","availableMemory":"256Mi","maxInstanceRequestConcurrency":80,"availableCpu":"1"},"labels":{"deployment-tool":"cli-firebase","deployment-callable":"true","firebase-functions-hash":"3dc59fd732e66b1e6a9659d76607f206b338162f"},"environment":"GEN_2"},"stages":[{"name":"BUILD","state":"NOT_STARTED"},{"name":"SERVICE","state":"NOT_STARTED"}],"operationType":"CREATE_FUNCTION"},"done":false}
[debug] [2025-07-03T06:19:38.428Z] [create-default-us-central1-syncWooCommerceStock] Retrying task index 0
[debug] [2025-07-03T06:19:38.428Z] Checked if tokens are valid: true, expires at: 1751526530980
[debug] [2025-07-03T06:19:38.428Z] Checked if tokens are valid: true, expires at: 1751526530980
[debug] [2025-07-03T06:19:38.428Z] >>> [apiv2][query] GET https://cloudfunctions.googleapis.com/v2/projects/alphamanager-c2ca9/locations/us-central1/operations/operation-1751523576946-639005c9e9d63-c59130a3-78c1e266 [none]
[debug] [2025-07-03T06:19:38.748Z] <<< [apiv2][status] GET https://cloudfunctions.googleapis.com/v2/projects/alphamanager-c2ca9/locations/us-central1/operations/operation-1751523576946-639005c9e9d63-c59130a3-78c1e266 200
[debug] [2025-07-03T06:19:38.749Z] <<< [apiv2][body] GET https://cloudfunctions.googleapis.com/v2/projects/alphamanager-c2ca9/locations/us-central1/operations/operation-1751523576946-639005c9e9d63-c59130a3-78c1e266 {"name":"projects/alphamanager-c2ca9/locations/us-central1/operations/operation-1751523576946-639005c9e9d63-c59130a3-78c1e266","metadata":{"@type":"type.googleapis.com/google.cloud.functions.v2.OperationMetadata","createTime":"2025-07-03T06:19:37.474134976Z","target":"projects/alphamanager-c2ca9/locations/us-central1/functions/syncWooCommerceStock","verb":"create","cancelRequested":false,"apiVersion":"v2","requestResource":{"@type":"type.googleapis.com/google.cloud.functions.v2.Function","name":"projects/alphamanager-c2ca9/locations/us-central1/functions/syncWooCommerceStock","buildConfig":{"runtime":"nodejs20","entryPoint":"syncWooCommerceStock","source":{"storageSource":{"bucket":"gcf-v2-sources-637524389705-us-central1","object":"syncWooCommerceStock/function-source.zip","generation":"1751523577207662"}},"environmentVariables":{"GOOGLE_NODE_RUN_SCRIPTS":""},"serviceAccount":"projects/alphamanager-c2ca9/serviceAccounts/637524389705-compute@developer.gserviceaccount.com","automaticUpdatePolicy":{}},"serviceConfig":{"service":"projects/alphamanager-c2ca9/locations/us-central1/services/syncwoocommercestock","timeoutSeconds":60,"environmentVariables":{"FIREBASE_CONFIG":"{\"projectId\":\"alphamanager-c2ca9\",\"storageBucket\":\"alphamanager-c2ca9.firebasestorage.app\"}","GCLOUD_PROJECT":"alphamanager-c2ca9","EVENTARC_CLOUD_EVENT_SOURCE":"projects/alphamanager-c2ca9/locations/us-central1/services/syncWooCommerceStock","FUNCTION_TARGET":"syncWooCommerceStock","LOG_EXECUTION_ID":"true"},"ingressSettings":"ALLOW_ALL","serviceAccountEmail":"637524389705-compute@developer.gserviceaccount.com","availableMemory":"256Mi","maxInstanceRequestConcurrency":80,"availableCpu":"1"},"labels":{"deployment-tool":"cli-firebase","deployment-callable":"true","firebase-functions-hash":"3dc59fd732e66b1e6a9659d76607f206b338162f"},"environment":"GEN_2"},"stages":[{"name":"BUILD","message":"Build in progress","state":"IN_PROGRESS","resource":"projects/637524389705/locations/us-central1/builds/852a77a5-992e-440e-8d95-84932d539e82","resourceUri":"https://console.cloud.google.com/cloud-build/builds;region=us-central1/852a77a5-992e-440e-8d95-84932d539e82?project=637524389705"},{"name":"SERVICE","state":"NOT_STARTED"}],"operationType":"CREATE_FUNCTION","buildName":"projects/637524389705/locations/us-central1/builds/852a77a5-992e-440e-8d95-84932d539e82"},"done":false}
[debug] [2025-07-03T06:19:39.756Z] [create-default-us-central1-syncWooCommerceStock] Retrying task index 0
[debug] [2025-07-03T06:19:39.756Z] Checked if tokens are valid: true, expires at: 1751526530980
[debug] [2025-07-03T06:19:39.756Z] Checked if tokens are valid: true, expires at: 1751526530980
[debug] [2025-07-03T06:19:39.757Z] >>> [apiv2][query] GET https://cloudfunctions.googleapis.com/v2/projects/alphamanager-c2ca9/locations/us-central1/operations/operation-1751523576946-639005c9e9d63-c59130a3-78c1e266 [none]
[debug] [2025-07-03T06:19:40.097Z] <<< [apiv2][status] GET https://cloudfunctions.googleapis.com/v2/projects/alphamanager-c2ca9/locations/us-central1/operations/operation-1751523576946-639005c9e9d63-c59130a3-78c1e266 200
[debug] [2025-07-03T06:19:40.098Z] <<< [apiv2][body] GET https://cloudfunctions.googleapis.com/v2/projects/alphamanager-c2ca9/locations/us-central1/operations/operation-1751523576946-639005c9e9d63-c59130a3-78c1e266 {"name":"projects/alphamanager-c2ca9/locations/us-central1/operations/operation-1751523576946-639005c9e9d63-c59130a3-78c1e266","metadata":{"@type":"type.googleapis.com/google.cloud.functions.v2.OperationMetadata","createTime":"2025-07-03T06:19:37.474134976Z","target":"projects/alphamanager-c2ca9/locations/us-central1/functions/syncWooCommerceStock","verb":"create","cancelRequested":false,"apiVersion":"v2","requestResource":{"@type":"type.googleapis.com/google.cloud.functions.v2.Function","name":"projects/alphamanager-c2ca9/locations/us-central1/functions/syncWooCommerceStock","buildConfig":{"runtime":"nodejs20","entryPoint":"syncWooCommerceStock","source":{"storageSource":{"bucket":"gcf-v2-sources-637524389705-us-central1","object":"syncWooCommerceStock/function-source.zip","generation":"1751523577207662"}},"environmentVariables":{"GOOGLE_NODE_RUN_SCRIPTS":""},"serviceAccount":"projects/alphamanager-c2ca9/serviceAccounts/637524389705-compute@developer.gserviceaccount.com","automaticUpdatePolicy":{}},"serviceConfig":{"service":"projects/alphamanager-c2ca9/locations/us-central1/services/syncwoocommercestock","timeoutSeconds":60,"environmentVariables":{"FIREBASE_CONFIG":"{\"projectId\":\"alphamanager-c2ca9\",\"storageBucket\":\"alphamanager-c2ca9.firebasestorage.app\"}","GCLOUD_PROJECT":"alphamanager-c2ca9","EVENTARC_CLOUD_EVENT_SOURCE":"projects/alphamanager-c2ca9/locations/us-central1/services/syncWooCommerceStock","FUNCTION_TARGET":"syncWooCommerceStock","LOG_EXECUTION_ID":"true"},"ingressSettings":"ALLOW_ALL","serviceAccountEmail":"637524389705-compute@developer.gserviceaccount.com","availableMemory":"256Mi","maxInstanceRequestConcurrency":80,"availableCpu":"1"},"labels":{"deployment-tool":"cli-firebase","deployment-callable":"true","firebase-functions-hash":"3dc59fd732e66b1e6a9659d76607f206b338162f"},"environment":"GEN_2"},"stages":[{"name":"BUILD","message":"Build in progress","state":"IN_PROGRESS","resource":"projects/637524389705/locations/us-central1/builds/852a77a5-992e-440e-8d95-84932d539e82","resourceUri":"https://console.cloud.google.com/cloud-build/builds;region=us-central1/852a77a5-992e-440e-8d95-84932d539e82?project=637524389705"},{"name":"SERVICE","state":"NOT_STARTED"}],"operationType":"CREATE_FUNCTION","buildName":"projects/637524389705/locations/us-central1/builds/852a77a5-992e-440e-8d95-84932d539e82"},"done":false}
[debug] [2025-07-03T06:19:42.101Z] [create-default-us-central1-syncWooCommerceStock] Retrying task index 0
[debug] [2025-07-03T06:19:42.101Z] Checked if tokens are valid: true, expires at: 1751526530980
[debug] [2025-07-03T06:19:42.101Z] Checked if tokens are valid: true, expires at: 1751526530980
[debug] [2025-07-03T06:19:42.102Z] >>> [apiv2][query] GET https://cloudfunctions.googleapis.com/v2/projects/alphamanager-c2ca9/locations/us-central1/operations/operation-1751523576946-639005c9e9d63-c59130a3-78c1e266 [none]
[debug] [2025-07-03T06:19:42.402Z] <<< [apiv2][status] GET https://cloudfunctions.googleapis.com/v2/projects/alphamanager-c2ca9/locations/us-central1/operations/operation-1751523576946-639005c9e9d63-c59130a3-78c1e266 200
[debug] [2025-07-03T06:19:42.402Z] <<< [apiv2][body] GET https://cloudfunctions.googleapis.com/v2/projects/alphamanager-c2ca9/locations/us-central1/operations/operation-1751523576946-639005c9e9d63-c59130a3-78c1e266 {"name":"projects/alphamanager-c2ca9/locations/us-central1/operations/operation-1751523576946-639005c9e9d63-c59130a3-78c1e266","metadata":{"@type":"type.googleapis.com/google.cloud.functions.v2.OperationMetadata","createTime":"2025-07-03T06:19:37.474134976Z","target":"projects/alphamanager-c2ca9/locations/us-central1/functions/syncWooCommerceStock","verb":"create","cancelRequested":false,"apiVersion":"v2","requestResource":{"@type":"type.googleapis.com/google.cloud.functions.v2.Function","name":"projects/alphamanager-c2ca9/locations/us-central1/functions/syncWooCommerceStock","buildConfig":{"runtime":"nodejs20","entryPoint":"syncWooCommerceStock","source":{"storageSource":{"bucket":"gcf-v2-sources-637524389705-us-central1","object":"syncWooCommerceStock/function-source.zip","generation":"1751523577207662"}},"environmentVariables":{"GOOGLE_NODE_RUN_SCRIPTS":""},"serviceAccount":"projects/alphamanager-c2ca9/serviceAccounts/637524389705-compute@developer.gserviceaccount.com","automaticUpdatePolicy":{}},"serviceConfig":{"service":"projects/alphamanager-c2ca9/locations/us-central1/services/syncwoocommercestock","timeoutSeconds":60,"environmentVariables":{"FIREBASE_CONFIG":"{\"projectId\":\"alphamanager-c2ca9\",\"storageBucket\":\"alphamanager-c2ca9.firebasestorage.app\"}","GCLOUD_PROJECT":"alphamanager-c2ca9","EVENTARC_CLOUD_EVENT_SOURCE":"projects/alphamanager-c2ca9/locations/us-central1/services/syncWooCommerceStock","FUNCTION_TARGET":"syncWooCommerceStock","LOG_EXECUTION_ID":"true"},"ingressSettings":"ALLOW_ALL","serviceAccountEmail":"637524389705-compute@developer.gserviceaccount.com","availableMemory":"256Mi","maxInstanceRequestConcurrency":80,"availableCpu":"1"},"labels":{"deployment-tool":"cli-firebase","deployment-callable":"true","firebase-functions-hash":"3dc59fd732e66b1e6a9659d76607f206b338162f"},"environment":"GEN_2"},"stages":[{"name":"BUILD","message":"Build in progress","state":"IN_PROGRESS","resource":"projects/637524389705/locations/us-central1/builds/852a77a5-992e-440e-8d95-84932d539e82","resourceUri":"https://console.cloud.google.com/cloud-build/builds;region=us-central1/852a77a5-992e-440e-8d95-84932d539e82?project=637524389705"},{"name":"SERVICE","state":"NOT_STARTED"}],"operationType":"CREATE_FUNCTION","buildName":"projects/637524389705/locations/us-central1/builds/852a77a5-992e-440e-8d95-84932d539e82"},"done":false}
[debug] [2025-07-03T06:19:46.408Z] [create-default-us-central1-syncWooCommerceStock] Retrying task index 0
[debug] [2025-07-03T06:19:46.409Z] Checked if tokens are valid: true, expires at: 1751526530980
[debug] [2025-07-03T06:19:46.409Z] Checked if tokens are valid: true, expires at: 1751526530980
[debug] [2025-07-03T06:19:46.409Z] >>> [apiv2][query] GET https://cloudfunctions.googleapis.com/v2/projects/alphamanager-c2ca9/locations/us-central1/operations/operation-1751523576946-639005c9e9d63-c59130a3-78c1e266 [none]
[debug] [2025-07-03T06:19:46.718Z] <<< [apiv2][status] GET https://cloudfunctions.googleapis.com/v2/projects/alphamanager-c2ca9/locations/us-central1/operations/operation-1751523576946-639005c9e9d63-c59130a3-78c1e266 200
[debug] [2025-07-03T06:19:46.718Z] <<< [apiv2][body] GET https://cloudfunctions.googleapis.com/v2/projects/alphamanager-c2ca9/locations/us-central1/operations/operation-1751523576946-639005c9e9d63-c59130a3-78c1e266 {"name":"projects/alphamanager-c2ca9/locations/us-central1/operations/operation-1751523576946-639005c9e9d63-c59130a3-78c1e266","metadata":{"@type":"type.googleapis.com/google.cloud.functions.v2.OperationMetadata","createTime":"2025-07-03T06:19:37.474134976Z","target":"projects/alphamanager-c2ca9/locations/us-central1/functions/syncWooCommerceStock","verb":"create","cancelRequested":false,"apiVersion":"v2","requestResource":{"@type":"type.googleapis.com/google.cloud.functions.v2.Function","name":"projects/alphamanager-c2ca9/locations/us-central1/functions/syncWooCommerceStock","buildConfig":{"runtime":"nodejs20","entryPoint":"syncWooCommerceStock","source":{"storageSource":{"bucket":"gcf-v2-sources-637524389705-us-central1","object":"syncWooCommerceStock/function-source.zip","generation":"1751523577207662"}},"environmentVariables":{"GOOGLE_NODE_RUN_SCRIPTS":""},"serviceAccount":"projects/alphamanager-c2ca9/serviceAccounts/637524389705-compute@developer.gserviceaccount.com","automaticUpdatePolicy":{}},"serviceConfig":{"service":"projects/alphamanager-c2ca9/locations/us-central1/services/syncwoocommercestock","timeoutSeconds":60,"environmentVariables":{"FIREBASE_CONFIG":"{\"projectId\":\"alphamanager-c2ca9\",\"storageBucket\":\"alphamanager-c2ca9.firebasestorage.app\"}","GCLOUD_PROJECT":"alphamanager-c2ca9","EVENTARC_CLOUD_EVENT_SOURCE":"projects/alphamanager-c2ca9/locations/us-central1/services/syncWooCommerceStock","FUNCTION_TARGET":"syncWooCommerceStock","LOG_EXECUTION_ID":"true"},"ingressSettings":"ALLOW_ALL","serviceAccountEmail":"637524389705-compute@developer.gserviceaccount.com","availableMemory":"256Mi","maxInstanceRequestConcurrency":80,"availableCpu":"1"},"labels":{"deployment-tool":"cli-firebase","deployment-callable":"true","firebase-functions-hash":"3dc59fd732e66b1e6a9659d76607f206b338162f"},"environment":"GEN_2"},"stages":[{"name":"BUILD","message":"Build in progress","state":"IN_PROGRESS","resource":"projects/637524389705/locations/us-central1/builds/852a77a5-992e-440e-8d95-84932d539e82","resourceUri":"https://console.cloud.google.com/cloud-build/builds;region=us-central1/852a77a5-992e-440e-8d95-84932d539e82?project=637524389705"},{"name":"SERVICE","state":"NOT_STARTED"}],"operationType":"CREATE_FUNCTION","buildName":"projects/637524389705/locations/us-central1/builds/852a77a5-992e-440e-8d95-84932d539e82"},"done":false}
[debug] [2025-07-03T06:19:54.720Z] [create-default-us-central1-syncWooCommerceStock] Retrying task index 0
[debug] [2025-07-03T06:19:54.720Z] Checked if tokens are valid: true, expires at: 1751526530980
[debug] [2025-07-03T06:19:54.721Z] Checked if tokens are valid: true, expires at: 1751526530980
[debug] [2025-07-03T06:19:54.721Z] >>> [apiv2][query] GET https://cloudfunctions.googleapis.com/v2/projects/alphamanager-c2ca9/locations/us-central1/operations/operation-1751523576946-639005c9e9d63-c59130a3-78c1e266 [none]
[debug] [2025-07-03T06:19:55.307Z] <<< [apiv2][status] GET https://cloudfunctions.googleapis.com/v2/projects/alphamanager-c2ca9/locations/us-central1/operations/operation-1751523576946-639005c9e9d63-c59130a3-78c1e266 200
[debug] [2025-07-03T06:19:55.307Z] <<< [apiv2][body] GET https://cloudfunctions.googleapis.com/v2/projects/alphamanager-c2ca9/locations/us-central1/operations/operation-1751523576946-639005c9e9d63-c59130a3-78c1e266 {"name":"projects/alphamanager-c2ca9/locations/us-central1/operations/operation-1751523576946-639005c9e9d63-c59130a3-78c1e266","metadata":{"@type":"type.googleapis.com/google.cloud.functions.v2.OperationMetadata","createTime":"2025-07-03T06:19:37.474134976Z","target":"projects/alphamanager-c2ca9/locations/us-central1/functions/syncWooCommerceStock","verb":"create","cancelRequested":false,"apiVersion":"v2","requestResource":{"@type":"type.googleapis.com/google.cloud.functions.v2.Function","name":"projects/alphamanager-c2ca9/locations/us-central1/functions/syncWooCommerceStock","buildConfig":{"runtime":"nodejs20","entryPoint":"syncWooCommerceStock","source":{"storageSource":{"bucket":"gcf-v2-sources-637524389705-us-central1","object":"syncWooCommerceStock/function-source.zip","generation":"1751523577207662"}},"environmentVariables":{"GOOGLE_NODE_RUN_SCRIPTS":""},"serviceAccount":"projects/alphamanager-c2ca9/serviceAccounts/637524389705-compute@developer.gserviceaccount.com","automaticUpdatePolicy":{}},"serviceConfig":{"service":"projects/alphamanager-c2ca9/locations/us-central1/services/syncwoocommercestock","timeoutSeconds":60,"environmentVariables":{"FIREBASE_CONFIG":"{\"projectId\":\"alphamanager-c2ca9\",\"storageBucket\":\"alphamanager-c2ca9.firebasestorage.app\"}","GCLOUD_PROJECT":"alphamanager-c2ca9","EVENTARC_CLOUD_EVENT_SOURCE":"projects/alphamanager-c2ca9/locations/us-central1/services/syncWooCommerceStock","FUNCTION_TARGET":"syncWooCommerceStock","LOG_EXECUTION_ID":"true"},"ingressSettings":"ALLOW_ALL","serviceAccountEmail":"637524389705-compute@developer.gserviceaccount.com","availableMemory":"256Mi","maxInstanceRequestConcurrency":80,"availableCpu":"1"},"labels":{"deployment-tool":"cli-firebase","deployment-callable":"true","firebase-functions-hash":"3dc59fd732e66b1e6a9659d76607f206b338162f"},"environment":"GEN_2"},"stages":[{"name":"BUILD","message":"Build in progress","state":"IN_PROGRESS","resource":"projects/637524389705/locations/us-central1/builds/852a77a5-992e-440e-8d95-84932d539e82","resourceUri":"https://console.cloud.google.com/cloud-build/builds;region=us-central1/852a77a5-992e-440e-8d95-84932d539e82?project=637524389705"},{"name":"SERVICE","state":"NOT_STARTED"}],"operationType":"CREATE_FUNCTION","buildName":"projects/637524389705/locations/us-central1/builds/852a77a5-992e-440e-8d95-84932d539e82"},"done":false}
[debug] [2025-07-03T06:20:05.318Z] [create-default-us-central1-syncWooCommerceStock] Retrying task index 0
[debug] [2025-07-03T06:20:05.319Z] Checked if tokens are valid: true, expires at: 1751526530980
[debug] [2025-07-03T06:20:05.319Z] Checked if tokens are valid: true, expires at: 1751526530980
[debug] [2025-07-03T06:20:05.319Z] >>> [apiv2][query] GET https://cloudfunctions.googleapis.com/v2/projects/alphamanager-c2ca9/locations/us-central1/operations/operation-1751523576946-639005c9e9d63-c59130a3-78c1e266 [none]
[debug] [2025-07-03T06:20:05.917Z] <<< [apiv2][status] GET https://cloudfunctions.googleapis.com/v2/projects/alphamanager-c2ca9/locations/us-central1/operations/operation-1751523576946-639005c9e9d63-c59130a3-78c1e266 200
[debug] [2025-07-03T06:20:05.918Z] <<< [apiv2][body] GET https://cloudfunctions.googleapis.com/v2/projects/alphamanager-c2ca9/locations/us-central1/operations/operation-1751523576946-639005c9e9d63-c59130a3-78c1e266 {"name":"projects/alphamanager-c2ca9/locations/us-central1/operations/operation-1751523576946-639005c9e9d63-c59130a3-78c1e266","metadata":{"@type":"type.googleapis.com/google.cloud.functions.v2.OperationMetadata","createTime":"2025-07-03T06:19:37.474134976Z","endTime":"2025-07-03T06:20:03.879234786Z","target":"projects/alphamanager-c2ca9/locations/us-central1/functions/syncWooCommerceStock","verb":"create","cancelRequested":false,"apiVersion":"v2","requestResource":{"@type":"type.googleapis.com/google.cloud.functions.v2.Function","name":"projects/alphamanager-c2ca9/locations/us-central1/functions/syncWooCommerceStock","buildConfig":{"runtime":"nodejs20","entryPoint":"syncWooCommerceStock","source":{"storageSource":{"bucket":"gcf-v2-sources-637524389705-us-central1","object":"syncWooCommerceStock/function-source.zip","generation":"1751523577207662"}},"environmentVariables":{"GOOGLE_NODE_RUN_SCRIPTS":""},"serviceAccount":"projects/alphamanager-c2ca9/serviceAccounts/637524389705-compute@developer.gserviceaccount.com","automaticUpdatePolicy":{}},"serviceConfig":{"service":"projects/alphamanager-c2ca9/locations/us-central1/services/syncwoocommercestock","timeoutSeconds":60,"environmentVariables":{"FIREBASE_CONFIG":"{\"projectId\":\"alphamanager-c2ca9\",\"storageBucket\":\"alphamanager-c2ca9.firebasestorage.app\"}","GCLOUD_PROJECT":"alphamanager-c2ca9","EVENTARC_CLOUD_EVENT_SOURCE":"projects/alphamanager-c2ca9/locations/us-central1/services/syncWooCommerceStock","FUNCTION_TARGET":"syncWooCommerceStock","LOG_EXECUTION_ID":"true"},"ingressSettings":"ALLOW_ALL","serviceAccountEmail":"637524389705-compute@developer.gserviceaccount.com","availableMemory":"256Mi","maxInstanceRequestConcurrency":80,"availableCpu":"1"},"labels":{"deployment-tool":"cli-firebase","deployment-callable":"true","firebase-functions-hash":"3dc59fd732e66b1e6a9659d76607f206b338162f"},"environment":"GEN_2"},"stages":[{"name":"ARTIFACT_REGISTRY","message":"Deleting function artifacts in Artifact Registry","state":"COMPLETE"},{"name":"SERVICE","message":"Deleting Cloud Run service","state":"COMPLETE","resource":"projects/alphamanager-c2ca9/locations/us-central1/services/syncwoocommercestock"}],"operationType":"CREATE_FUNCTION"},"done":true,"error":{"code":13,"message":"Build failed with status: FAILURE and message: An unexpected error occurred. Refer to build logs: https://console.cloud.google.com/cloud-build/builds;region=us-central1/852a77a5-992e-440e-8d95-84932d539e82?project=637524389705. For more details see the logs at https://console.cloud.google.com/cloud-build/builds;region=us-central1/852a77a5-992e-440e-8d95-84932d539e82?project=637524389705."}}
[debug] [2025-07-03T06:20:05.918Z] Got source token undefined for region us-central1
[error] Build failed with status: FAILURE and message: An unexpected error occurred. Refer to build logs: https://console.cloud.google.com/cloud-build/builds;region=us-central1/852a77a5-992e-440e-8d95-84932d539e82?project=637524389705. For more details see the logs at https://console.cloud.google.com/cloud-build/builds;region=us-central1/852a77a5-992e-440e-8d95-84932d539e82?project=637524389705.
[debug] [2025-07-03T06:20:05.922Z] Total Function Deployment time: 29113
[debug] [2025-07-03T06:20:05.922Z] 1 Functions Deployed
[debug] [2025-07-03T06:20:05.922Z] 1 Functions Errored
[debug] [2025-07-03T06:20:05.922Z] 0 Function Deployments Aborted
[debug] [2025-07-03T06:20:05.922Z] Average Function Deployment time: 29111
[info] 
[info] Functions deploy had errors with the following functions:
	syncWooCommerceStock(us-central1)
[debug] [2025-07-03T06:20:06.323Z] Checked if tokens are valid: true, expires at: 1751526530980
[debug] [2025-07-03T06:20:06.323Z] Checked if tokens are valid: true, expires at: 1751526530980
[debug] [2025-07-03T06:20:06.323Z] >>> [apiv2][query] GET https://artifactregistry.googleapis.com/v1/projects/alphamanager-c2ca9/locations/us-central1/repositories/gcf-artifacts [none]
[debug] [2025-07-03T06:20:06.951Z] <<< [apiv2][status] GET https://artifactregistry.googleapis.com/v1/projects/alphamanager-c2ca9/locations/us-central1/repositories/gcf-artifacts 200
[debug] [2025-07-03T06:20:06.951Z] <<< [apiv2][body] GET https://artifactregistry.googleapis.com/v1/projects/alphamanager-c2ca9/locations/us-central1/repositories/gcf-artifacts {"name":"projects/alphamanager-c2ca9/locations/us-central1/repositories/gcf-artifacts","format":"DOCKER","description":"This repository is created and used by Cloud Functions for storing function docker images.","labels":{"goog-managed-by":"cloudfunctions"},"createTime":"2025-06-30T12:56:14.277691Z","updateTime":"2025-06-30T12:59:02.844049Z","mode":"STANDARD_REPOSITORY","cleanupPolicies":{"firebase-functions-cleanup":{"id":"firebase-functions-cleanup","action":"DELETE","condition":{"tagState":"ANY","olderThan":"2592000s"}}},"vulnerabilityScanningConfig":{"lastEnableTime":"2025-06-30T12:55:54.923943645Z","enablementState":"SCANNING_DISABLED","enablementStateReason":"API containerscanning.googleapis.com is not enabled."},"satisfiesPzi":true,"registryUri":"us-central1-docker.pkg.dev/alphamanager-c2ca9/gcf-artifacts"}
[debug] [2025-07-03T06:20:06.952Z] Functions deploy failed.
[debug] [2025-07-03T06:20:06.952Z] {
  "endpoint": {
    "id": "syncWooCommerceStock",
    "project": "alphamanager-c2ca9",
    "region": "us-central1",
    "entryPoint": "syncWooCommerceStock",
    "platform": "gcfv2",
    "runtime": "nodejs20",
    "callableTrigger": {},
    "labels": {
      "deployment-tool": "cli-firebase"
    },
    "serviceAccount": null,
    "ingressSettings": null,
    "availableMemoryMb": null,
    "timeoutSeconds": null,
    "maxInstances": null,
    "minInstances": null,
    "concurrency": 80,
    "vpc": null,
    "environmentVariables": {
      "FIREBASE_CONFIG": "{\"projectId\":\"alphamanager-c2ca9\",\"storageBucket\":\"alphamanager-c2ca9.firebasestorage.app\"}",
      "GCLOUD_PROJECT": "alphamanager-c2ca9",
      "EVENTARC_CLOUD_EVENT_SOURCE": "projects/alphamanager-c2ca9/locations/us-central1/services/syncWooCommerceStock"
    },
    "codebase": "default",
    "cpu": 1,
    "targetedByOnly": false,
    "hash": "3dc59fd732e66b1e6a9659d76607f206b338162f"
  },
  "op": "create",
  "original": {
    "name": "FirebaseError",
    "children": [],
    "exit": 1,
    "message": "Build failed with status: FAILURE and message: An unexpected error occurred. Refer to build logs: https://console.cloud.google.com/cloud-build/builds;region=us-central1/852a77a5-992e-440e-8d95-84932d539e82?project=637524389705. For more details see the logs at https://console.cloud.google.com/cloud-build/builds;region=us-central1/852a77a5-992e-440e-8d95-84932d539e82?project=637524389705.",
    "original": {
      "code": 13,
      "message": "Build failed with status: FAILURE and message: An unexpected error occurred. Refer to build logs: https://console.cloud.google.com/cloud-build/builds;region=us-central1/852a77a5-992e-440e-8d95-84932d539e82?project=637524389705. For more details see the logs at https://console.cloud.google.com/cloud-build/builds;region=us-central1/852a77a5-992e-440e-8d95-84932d539e82?project=637524389705."
    },
    "status": 13,
    "code": 13
  }
}
[debug] [2025-07-03T06:20:07.085Z] Error: Failed to create function syncWooCommerceStock in region us-central1
    at C:\Users\alpha\AppData\Roaming\npm\node_modules\firebase-tools\lib\deploy\functions\release\fabricator.js:294:27
    at process.processTicksAndRejections (node:internal/process/task_queues:105:5)
    at async Fabricator.createV2Function (C:\Users\alpha\AppData\Roaming\npm\node_modules\firebase-tools\lib\deploy\functions\release\fabricator.js:278:30)
    at async Fabricator.createEndpoint (C:\Users\alpha\AppData\Roaming\npm\node_modules\firebase-tools\lib\deploy\functions\release\fabricator.js:137:13)
    at async handle (C:\Users\alpha\AppData\Roaming\npm\node_modules\firebase-tools\lib\deploy\functions\release\fabricator.js:89:17)
[error] 
[error] Error: There was an error deploying functions
