[debug] [2025-07-03T13:34:08.902Z] ----------------------------------------------------------------------
[debug] [2025-07-03T13:34:08.905Z] Command:       C:\Program Files\nodejs\node.exe C:\Users\alpha\AppData\Roaming\npm\node_modules\firebase-tools\lib\bin\firebase.js deploy --only functions:updateProductStock --force
[debug] [2025-07-03T13:34:08.906Z] CLI Version:   14.9.0
[debug] [2025-07-03T13:34:08.906Z] Platform:      win32
[debug] [2025-07-03T13:34:08.906Z] Node Version:  v22.16.0
[debug] [2025-07-03T13:34:08.907Z] Time:          Thu Jul 03 2025 15:34:08 GMT+0200 (Central European Summer Time)
[debug] [2025-07-03T13:34:08.907Z] ----------------------------------------------------------------------
[debug] 
[debug] [2025-07-03T13:34:09.109Z] Object "/functions" in "firebase.json" has unknown property: {"additionalProperty":"timeoutSeconds"}
[debug] [2025-07-03T13:34:09.110Z] Field "/functions" in "firebase.json" is possibly invalid: must be array
[debug] [2025-07-03T13:34:09.110Z] Field "/functions" in "firebase.json" is possibly invalid: must match a schema in anyOf
[debug] [2025-07-03T13:34:09.113Z] > command requires scopes: ["email","openid","https://www.googleapis.com/auth/cloudplatformprojects.readonly","https://www.googleapis.com/auth/firebase","https://www.googleapis.com/auth/cloud-platform"]
[debug] [2025-07-03T13:34:09.113Z] > authorizing via signed-in user (alphaservis@alphaservis.com)
[debug] [2025-07-03T13:34:09.113Z] [iam] checking project alphamanager-c2ca9 for permissions ["cloudfunctions.functions.create","cloudfunctions.functions.delete","cloudfunctions.functions.get","cloudfunctions.functions.list","cloudfunctions.functions.update","cloudfunctions.operations.get","firebase.projects.get"]
[debug] [2025-07-03T13:34:09.114Z] Checked if tokens are valid: true, expires at: 1751553231832
[debug] [2025-07-03T13:34:09.114Z] Checked if tokens are valid: true, expires at: 1751553231832
[debug] [2025-07-03T13:34:09.115Z] >>> [apiv2][query] POST https://cloudresourcemanager.googleapis.com/v1/projects/alphamanager-c2ca9:testIamPermissions [none]
[debug] [2025-07-03T13:34:09.115Z] >>> [apiv2][(partial)header] POST https://cloudresourcemanager.googleapis.com/v1/projects/alphamanager-c2ca9:testIamPermissions x-goog-quota-user=projects/alphamanager-c2ca9
[debug] [2025-07-03T13:34:09.115Z] >>> [apiv2][body] POST https://cloudresourcemanager.googleapis.com/v1/projects/alphamanager-c2ca9:testIamPermissions {"permissions":["cloudfunctions.functions.create","cloudfunctions.functions.delete","cloudfunctions.functions.get","cloudfunctions.functions.list","cloudfunctions.functions.update","cloudfunctions.operations.get","firebase.projects.get"]}
[debug] [2025-07-03T13:34:09.610Z] <<< [apiv2][status] POST https://cloudresourcemanager.googleapis.com/v1/projects/alphamanager-c2ca9:testIamPermissions 200
[debug] [2025-07-03T13:34:09.610Z] <<< [apiv2][body] POST https://cloudresourcemanager.googleapis.com/v1/projects/alphamanager-c2ca9:testIamPermissions {"permissions":["cloudfunctions.functions.create","cloudfunctions.functions.delete","cloudfunctions.functions.get","cloudfunctions.functions.list","cloudfunctions.functions.update","cloudfunctions.operations.get","firebase.projects.get"]}
[debug] [2025-07-03T13:34:09.611Z] Checked if tokens are valid: true, expires at: 1751553231832
[debug] [2025-07-03T13:34:09.611Z] Checked if tokens are valid: true, expires at: 1751553231832
[debug] [2025-07-03T13:34:09.611Z] >>> [apiv2][query] POST https://iam.googleapis.com/v1/projects/alphamanager-c2ca9/serviceAccounts/alphamanager-c2ca9@appspot.gserviceaccount.com:testIamPermissions [none]
[debug] [2025-07-03T13:34:09.611Z] >>> [apiv2][body] POST https://iam.googleapis.com/v1/projects/alphamanager-c2ca9/serviceAccounts/alphamanager-c2ca9@appspot.gserviceaccount.com:testIamPermissions {"permissions":["iam.serviceAccounts.actAs"]}
[debug] [2025-07-03T13:34:10.179Z] <<< [apiv2][status] POST https://iam.googleapis.com/v1/projects/alphamanager-c2ca9/serviceAccounts/alphamanager-c2ca9@appspot.gserviceaccount.com:testIamPermissions 200
[debug] [2025-07-03T13:34:10.179Z] <<< [apiv2][body] POST https://iam.googleapis.com/v1/projects/alphamanager-c2ca9/serviceAccounts/alphamanager-c2ca9@appspot.gserviceaccount.com:testIamPermissions {"permissions":["iam.serviceAccounts.actAs"]}
[info] 
[info] === Deploying to 'alphamanager-c2ca9'...
[info] 
[info] i  deploying functions 
[debug] [2025-07-03T13:34:10.183Z] Checked if tokens are valid: true, expires at: 1751553231832
[debug] [2025-07-03T13:34:10.183Z] Checked if tokens are valid: true, expires at: 1751553231832
[debug] [2025-07-03T13:34:10.183Z] >>> [apiv2][query] GET https://cloudresourcemanager.googleapis.com/v1/projects/alphamanager-c2ca9 [none]
[debug] [2025-07-03T13:34:10.413Z] <<< [apiv2][status] GET https://cloudresourcemanager.googleapis.com/v1/projects/alphamanager-c2ca9 200
[debug] [2025-07-03T13:34:10.413Z] <<< [apiv2][body] GET https://cloudresourcemanager.googleapis.com/v1/projects/alphamanager-c2ca9 {"projectNumber":"637524389705","projectId":"alphamanager-c2ca9","lifecycleState":"ACTIVE","name":"alphamanager","labels":{"firebase":"enabled","firebase-core":"disabled"},"createTime":"2025-06-26T14:03:39.660407Z","parent":{"type":"organization","id":"742102465815"}}
[info] i  functions: preparing codebase default for deployment 
[info] i  functions: ensuring required API cloudfunctions.googleapis.com is enabled... 
[info] i  functions: ensuring required API cloudbuild.googleapis.com is enabled... 
[info] i  artifactregistry: ensuring required API artifactregistry.googleapis.com is enabled... 
[debug] [2025-07-03T13:34:10.424Z] Checked if tokens are valid: true, expires at: 1751553231832
[debug] [2025-07-03T13:34:10.425Z] Checked if tokens are valid: true, expires at: 1751553231832
[debug] [2025-07-03T13:34:10.426Z] >>> [apiv2][query] GET https://firebase.googleapis.com/v1beta1/projects/alphamanager-c2ca9/adminSdkConfig [none]
[debug] [2025-07-03T13:34:11.046Z] <<< [apiv2][status] GET https://firebase.googleapis.com/v1beta1/projects/alphamanager-c2ca9/adminSdkConfig 200
[debug] [2025-07-03T13:34:11.046Z] <<< [apiv2][body] GET https://firebase.googleapis.com/v1beta1/projects/alphamanager-c2ca9/adminSdkConfig {"projectId":"alphamanager-c2ca9","storageBucket":"alphamanager-c2ca9.firebasestorage.app"}
[debug] [2025-07-03T13:34:11.047Z] Checked if tokens are valid: true, expires at: 1751553231832
[debug] [2025-07-03T13:34:11.047Z] Checked if tokens are valid: true, expires at: 1751553231832
[debug] [2025-07-03T13:34:11.047Z] >>> [apiv2][query] GET https://runtimeconfig.googleapis.com/v1beta1/projects/alphamanager-c2ca9/configs [none]
[debug] [2025-07-03T13:34:11.575Z] <<< [apiv2][status] GET https://runtimeconfig.googleapis.com/v1beta1/projects/alphamanager-c2ca9/configs 200
[debug] [2025-07-03T13:34:11.576Z] <<< [apiv2][body] GET https://runtimeconfig.googleapis.com/v1beta1/projects/alphamanager-c2ca9/configs {"configs":[{"name":"projects/alphamanager-c2ca9/configs/api"},{"name":"projects/alphamanager-c2ca9/configs/woocommerce"}]}
[debug] [2025-07-03T13:34:11.576Z] Checked if tokens are valid: true, expires at: 1751553231832
[debug] [2025-07-03T13:34:11.577Z] Checked if tokens are valid: true, expires at: 1751553231832
[debug] [2025-07-03T13:34:11.577Z] Checked if tokens are valid: true, expires at: 1751553231832
[debug] [2025-07-03T13:34:11.577Z] Checked if tokens are valid: true, expires at: 1751553231832
[debug] [2025-07-03T13:34:11.577Z] >>> [apiv2][query] GET https://runtimeconfig.googleapis.com/v1beta1/projects/alphamanager-c2ca9/configs/api/variables [none]
[debug] [2025-07-03T13:34:11.579Z] >>> [apiv2][query] GET https://runtimeconfig.googleapis.com/v1beta1/projects/alphamanager-c2ca9/configs/woocommerce/variables [none]
[debug] [2025-07-03T13:34:11.803Z] <<< [apiv2][status] GET https://runtimeconfig.googleapis.com/v1beta1/projects/alphamanager-c2ca9/configs/api/variables 200
[debug] [2025-07-03T13:34:11.803Z] <<< [apiv2][body] GET https://runtimeconfig.googleapis.com/v1beta1/projects/alphamanager-c2ca9/configs/api/variables {"variables":[{"name":"projects/alphamanager-c2ca9/configs/api/variables/secret_key","updateTime":"2025-07-03T11:00:05.779138080Z"}]}
[debug] [2025-07-03T13:34:11.804Z] Checked if tokens are valid: true, expires at: 1751553231832
[debug] [2025-07-03T13:34:11.804Z] Checked if tokens are valid: true, expires at: 1751553231832
[debug] [2025-07-03T13:34:11.805Z] >>> [apiv2][query] GET https://runtimeconfig.googleapis.com/v1beta1/projects/alphamanager-c2ca9/configs/api/variables/secret_key [none]
[debug] [2025-07-03T13:34:12.007Z] <<< [apiv2][status] GET https://runtimeconfig.googleapis.com/v1beta1/projects/alphamanager-c2ca9/configs/api/variables/secret_key 200
[debug] [2025-07-03T13:34:12.008Z] <<< [apiv2][body] GET https://runtimeconfig.googleapis.com/v1beta1/projects/alphamanager-c2ca9/configs/api/variables/secret_key {"name":"projects/alphamanager-c2ca9/configs/api/variables/secret_key","updateTime":"2025-07-03T11:00:05.779138080Z","text":"e674b72e2ec54a525135d18aa8046d86b5f9b04f68e1e1bf845889d5e12ef90e"}
[debug] [2025-07-03T13:34:12.147Z] <<< [apiv2][status] GET https://runtimeconfig.googleapis.com/v1beta1/projects/alphamanager-c2ca9/configs/woocommerce/variables 200
[debug] [2025-07-03T13:34:12.147Z] <<< [apiv2][body] GET https://runtimeconfig.googleapis.com/v1beta1/projects/alphamanager-c2ca9/configs/woocommerce/variables {"variables":[{"name":"projects/alphamanager-c2ca9/configs/woocommerce/variables/consumer_key","updateTime":"2025-07-03T10:01:20.271377026Z"},{"name":"projects/alphamanager-c2ca9/configs/woocommerce/variables/consumer_secret","updateTime":"2025-07-03T10:01:20.344732740Z"},{"name":"projects/alphamanager-c2ca9/configs/woocommerce/variables/key","updateTime":"2025-07-03T11:00:05.916024709Z"},{"name":"projects/alphamanager-c2ca9/configs/woocommerce/variables/secret","updateTime":"2025-07-03T11:00:05.962027385Z"},{"name":"projects/alphamanager-c2ca9/configs/woocommerce/variables/store_url","updateTime":"2025-07-03T10:01:20.271453822Z"},{"name":"projects/alphamanager-c2ca9/configs/woocommerce/variables/url","updateTime":"2025-07-03T11:00:05.916100359Z"}]}
[debug] [2025-07-03T13:34:12.147Z] Checked if tokens are valid: true, expires at: 1751553231832
[debug] [2025-07-03T13:34:12.147Z] Checked if tokens are valid: true, expires at: 1751553231832
[debug] [2025-07-03T13:34:12.147Z] Checked if tokens are valid: true, expires at: 1751553231832
[debug] [2025-07-03T13:34:12.147Z] Checked if tokens are valid: true, expires at: 1751553231832
[debug] [2025-07-03T13:34:12.147Z] Checked if tokens are valid: true, expires at: 1751553231832
[debug] [2025-07-03T13:34:12.147Z] Checked if tokens are valid: true, expires at: 1751553231832
[debug] [2025-07-03T13:34:12.147Z] Checked if tokens are valid: true, expires at: 1751553231832
[debug] [2025-07-03T13:34:12.147Z] Checked if tokens are valid: true, expires at: 1751553231832
[debug] [2025-07-03T13:34:12.148Z] Checked if tokens are valid: true, expires at: 1751553231832
[debug] [2025-07-03T13:34:12.148Z] Checked if tokens are valid: true, expires at: 1751553231832
[debug] [2025-07-03T13:34:12.148Z] Checked if tokens are valid: true, expires at: 1751553231832
[debug] [2025-07-03T13:34:12.148Z] Checked if tokens are valid: true, expires at: 1751553231832
[debug] [2025-07-03T13:34:12.148Z] >>> [apiv2][query] GET https://runtimeconfig.googleapis.com/v1beta1/projects/alphamanager-c2ca9/configs/woocommerce/variables/consumer_key [none]
[debug] [2025-07-03T13:34:12.149Z] >>> [apiv2][query] GET https://runtimeconfig.googleapis.com/v1beta1/projects/alphamanager-c2ca9/configs/woocommerce/variables/consumer_secret [none]
[debug] [2025-07-03T13:34:12.150Z] >>> [apiv2][query] GET https://runtimeconfig.googleapis.com/v1beta1/projects/alphamanager-c2ca9/configs/woocommerce/variables/key [none]
[debug] [2025-07-03T13:34:12.153Z] >>> [apiv2][query] GET https://runtimeconfig.googleapis.com/v1beta1/projects/alphamanager-c2ca9/configs/woocommerce/variables/secret [none]
[debug] [2025-07-03T13:34:12.155Z] >>> [apiv2][query] GET https://runtimeconfig.googleapis.com/v1beta1/projects/alphamanager-c2ca9/configs/woocommerce/variables/store_url [none]
[debug] [2025-07-03T13:34:12.157Z] >>> [apiv2][query] GET https://runtimeconfig.googleapis.com/v1beta1/projects/alphamanager-c2ca9/configs/woocommerce/variables/url [none]
[debug] [2025-07-03T13:34:12.353Z] <<< [apiv2][status] GET https://runtimeconfig.googleapis.com/v1beta1/projects/alphamanager-c2ca9/configs/woocommerce/variables/consumer_key 200
[debug] [2025-07-03T13:34:12.353Z] <<< [apiv2][body] GET https://runtimeconfig.googleapis.com/v1beta1/projects/alphamanager-c2ca9/configs/woocommerce/variables/consumer_key {"name":"projects/alphamanager-c2ca9/configs/woocommerce/variables/consumer_key","updateTime":"2025-07-03T10:01:20.271377026Z","text":"ck_5ef0dbbea337a53dd3b7ae8ee69a4430dfbad6e2"}
[debug] [2025-07-03T13:34:12.399Z] <<< [apiv2][status] GET https://runtimeconfig.googleapis.com/v1beta1/projects/alphamanager-c2ca9/configs/woocommerce/variables/consumer_secret 200
[debug] [2025-07-03T13:34:12.399Z] <<< [apiv2][body] GET https://runtimeconfig.googleapis.com/v1beta1/projects/alphamanager-c2ca9/configs/woocommerce/variables/consumer_secret {"name":"projects/alphamanager-c2ca9/configs/woocommerce/variables/consumer_secret","updateTime":"2025-07-03T10:01:20.344732740Z","text":"cs_3b70be175e18492ff0c4664ebca37f73ba2a76a7"}
[debug] [2025-07-03T13:34:12.607Z] <<< [apiv2][status] GET https://runtimeconfig.googleapis.com/v1beta1/projects/alphamanager-c2ca9/configs/woocommerce/variables/secret 200
[debug] [2025-07-03T13:34:12.607Z] <<< [apiv2][body] GET https://runtimeconfig.googleapis.com/v1beta1/projects/alphamanager-c2ca9/configs/woocommerce/variables/secret {"name":"projects/alphamanager-c2ca9/configs/woocommerce/variables/secret","updateTime":"2025-07-03T11:00:05.962027385Z","text":"cs_3b70be175e18492ff0c4664ebca37f73ba2a76a7"}
[debug] [2025-07-03T13:34:12.629Z] <<< [apiv2][status] GET https://runtimeconfig.googleapis.com/v1beta1/projects/alphamanager-c2ca9/configs/woocommerce/variables/store_url 200
[debug] [2025-07-03T13:34:12.629Z] <<< [apiv2][body] GET https://runtimeconfig.googleapis.com/v1beta1/projects/alphamanager-c2ca9/configs/woocommerce/variables/store_url {"name":"projects/alphamanager-c2ca9/configs/woocommerce/variables/store_url","updateTime":"2025-07-03T10:01:20.271453822Z","text":"https://alphaservis.hr/"}
[debug] [2025-07-03T13:34:12.640Z] <<< [apiv2][status] GET https://runtimeconfig.googleapis.com/v1beta1/projects/alphamanager-c2ca9/configs/woocommerce/variables/url 200
[debug] [2025-07-03T13:34:12.640Z] <<< [apiv2][body] GET https://runtimeconfig.googleapis.com/v1beta1/projects/alphamanager-c2ca9/configs/woocommerce/variables/url {"name":"projects/alphamanager-c2ca9/configs/woocommerce/variables/url","updateTime":"2025-07-03T11:00:05.916100359Z","text":"https://alphaservis.hr/"}
[debug] [2025-07-03T13:34:12.726Z] <<< [apiv2][status] GET https://runtimeconfig.googleapis.com/v1beta1/projects/alphamanager-c2ca9/configs/woocommerce/variables/key 200
[debug] [2025-07-03T13:34:12.727Z] <<< [apiv2][body] GET https://runtimeconfig.googleapis.com/v1beta1/projects/alphamanager-c2ca9/configs/woocommerce/variables/key {"name":"projects/alphamanager-c2ca9/configs/woocommerce/variables/key","updateTime":"2025-07-03T11:00:05.916024709Z","text":"ck_5ef0dbbea337a53dd3b7ae8ee69a4430dfbad6e2"}
[debug] [2025-07-03T13:34:12.729Z] Validating nodejs source
[warn] !  functions: package.json indicates an outdated version of firebase-functions. Please upgrade using npm install --save firebase-functions@latest in your functions directory. 
[warn] !  functions: Please note that there will be breaking changes when you upgrade. 
[debug] [2025-07-03T13:34:13.561Z] > [functions] package.json contents: {
  "name": "functions",
  "description": "Cloud Functions for Firebase",
  "scripts": {
    "lint": "eslint .",
    "serve": "firebase emulators:start --only functions",
    "shell": "firebase functions:shell",
    "start": "npm run shell",
    "deploy": "firebase deploy --only functions",
    "logs": "firebase functions:log"
  },
  "engines": {
    "node": "20"
  },
  "main": "index.js",
  "dependencies": {
    "firebase-admin": "^12.6.0",
    "firebase-functions": "^5.1.0",
    "express": "^4.19.2",
    "cors": "^2.8.5",
    "@woocommerce/woocommerce-rest-api": "^1.0.1"
  },
  "devDependencies": {
    "eslint": "^8.15.0",
    "eslint-config-google": "^0.14.0",
    "firebase-functions-test": "^3.1.0"
  },
  "private": true
}
[debug] [2025-07-03T13:34:13.561Z] Building nodejs source
[info] i  functions: Loading and analyzing source code for codebase default to determine what to deploy 
[debug] [2025-07-03T13:34:13.563Z] Could not find functions.yaml. Must use http discovery
[debug] [2025-07-03T13:34:13.570Z] Found firebase-functions binary at 'C:\Users\alpha\Documents\Projects\alphamanager\functions\node_modules\.bin\firebase-functions'
[info] Serving at port 8457

[debug] [2025-07-03T13:34:14.107Z] Got response from /__/functions.yaml {"endpoints":{"updateProductStock":{"platform":"gcfv1","availableMemoryMb":512,"timeoutSeconds":300,"minInstances":null,"maxInstances":null,"ingressSettings":null,"serviceAccountEmail":null,"vpc":null,"httpsTrigger":{},"entryPoint":"updateProductStock"}},"specVersion":"v1alpha1","requiredAPIs":[],"extensions":{}}
[info] i  extensions: ensuring required API firebaseextensions.googleapis.com is enabled... 
[debug] [2025-07-03T13:34:18.146Z] > command requires scopes: ["email","openid","https://www.googleapis.com/auth/cloudplatformprojects.readonly","https://www.googleapis.com/auth/firebase","https://www.googleapis.com/auth/cloud-platform"]
[debug] [2025-07-03T13:34:18.146Z] > authorizing via signed-in user (alphaservis@alphaservis.com)
[debug] [2025-07-03T13:34:18.146Z] [iam] checking project alphamanager-c2ca9 for permissions ["firebase.projects.get","firebaseextensions.instances.list"]
[debug] [2025-07-03T13:34:18.146Z] Checked if tokens are valid: true, expires at: 1751553231832
[debug] [2025-07-03T13:34:18.146Z] Checked if tokens are valid: true, expires at: 1751553231832
[debug] [2025-07-03T13:34:18.147Z] >>> [apiv2][query] POST https://cloudresourcemanager.googleapis.com/v1/projects/alphamanager-c2ca9:testIamPermissions [none]
[debug] [2025-07-03T13:34:18.147Z] >>> [apiv2][(partial)header] POST https://cloudresourcemanager.googleapis.com/v1/projects/alphamanager-c2ca9:testIamPermissions x-goog-quota-user=projects/alphamanager-c2ca9
[debug] [2025-07-03T13:34:18.147Z] >>> [apiv2][body] POST https://cloudresourcemanager.googleapis.com/v1/projects/alphamanager-c2ca9:testIamPermissions {"permissions":["firebase.projects.get","firebaseextensions.instances.list"]}
[debug] [2025-07-03T13:34:18.656Z] <<< [apiv2][status] POST https://cloudresourcemanager.googleapis.com/v1/projects/alphamanager-c2ca9:testIamPermissions 200
[debug] [2025-07-03T13:34:18.656Z] <<< [apiv2][body] POST https://cloudresourcemanager.googleapis.com/v1/projects/alphamanager-c2ca9:testIamPermissions {"permissions":["firebase.projects.get","firebaseextensions.instances.list"]}
[debug] [2025-07-03T13:34:18.657Z] Checked if tokens are valid: true, expires at: 1751553231832
[debug] [2025-07-03T13:34:18.657Z] Checked if tokens are valid: true, expires at: 1751553231832
[debug] [2025-07-03T13:34:18.657Z] >>> [apiv2][query] GET https://firebaseextensions.googleapis.com/v1beta/projects/alphamanager-c2ca9/instances pageSize=100&pageToken=
[debug] [2025-07-03T13:34:19.373Z] <<< [apiv2][status] GET https://firebaseextensions.googleapis.com/v1beta/projects/alphamanager-c2ca9/instances 200
[debug] [2025-07-03T13:34:19.374Z] <<< [apiv2][body] GET https://firebaseextensions.googleapis.com/v1beta/projects/alphamanager-c2ca9/instances {}
[info] i  functions: preparing functions directory for uploading... 
[info] i  functions: packaged C:\Users\alpha\Documents\Projects\alphamanager\functions (83.02 KB) for uploading 
[debug] [2025-07-03T13:34:19.413Z] Checked if tokens are valid: true, expires at: 1751553231832
[debug] [2025-07-03T13:34:19.413Z] Checked if tokens are valid: true, expires at: 1751553231832
[debug] [2025-07-03T13:34:19.414Z] >>> [apiv2][query] GET https://cloudfunctions.googleapis.com/v1/projects/alphamanager-c2ca9/locations/-/functions [none]
[debug] [2025-07-03T13:34:20.219Z] <<< [apiv2][status] GET https://cloudfunctions.googleapis.com/v1/projects/alphamanager-c2ca9/locations/-/functions 200
[debug] [2025-07-03T13:34:20.219Z] <<< [apiv2][body] GET https://cloudfunctions.googleapis.com/v1/projects/alphamanager-c2ca9/locations/-/functions {}
[debug] [2025-07-03T13:34:20.220Z] Checked if tokens are valid: true, expires at: 1751553231832
[debug] [2025-07-03T13:34:20.220Z] Checked if tokens are valid: true, expires at: 1751553231832
[debug] [2025-07-03T13:34:20.220Z] >>> [apiv2][query] GET https://cloudfunctions.googleapis.com/v2/projects/alphamanager-c2ca9/locations/-/functions filter=environment%3D%22GEN_2%22
[debug] [2025-07-03T13:34:20.838Z] <<< [apiv2][status] GET https://cloudfunctions.googleapis.com/v2/projects/alphamanager-c2ca9/locations/-/functions 200
[debug] [2025-07-03T13:34:20.838Z] <<< [apiv2][body] GET https://cloudfunctions.googleapis.com/v2/projects/alphamanager-c2ca9/locations/-/functions {}
[debug] [2025-07-03T13:34:20.851Z] Checked if tokens are valid: true, expires at: 1751553231832
[debug] [2025-07-03T13:34:20.851Z] Checked if tokens are valid: true, expires at: 1751553231832
[debug] [2025-07-03T13:34:20.851Z] >>> [apiv2][query] GET https://cloudresourcemanager.googleapis.com/v1/projects/alphamanager-c2ca9 [none]
[debug] [2025-07-03T13:34:21.069Z] <<< [apiv2][status] GET https://cloudresourcemanager.googleapis.com/v1/projects/alphamanager-c2ca9 200
[debug] [2025-07-03T13:34:21.069Z] <<< [apiv2][body] GET https://cloudresourcemanager.googleapis.com/v1/projects/alphamanager-c2ca9 {"projectNumber":"637524389705","projectId":"alphamanager-c2ca9","lifecycleState":"ACTIVE","name":"alphamanager","labels":{"firebase":"enabled","firebase-core":"disabled"},"createTime":"2025-06-26T14:03:39.660407Z","parent":{"type":"organization","id":"742102465815"}}
[debug] [2025-07-03T13:34:21.070Z] Checked if tokens are valid: true, expires at: 1751553231832
[debug] [2025-07-03T13:34:21.070Z] Checked if tokens are valid: true, expires at: 1751553231832
[debug] [2025-07-03T13:34:21.070Z] >>> [apiv2][query] GET https://cloudbilling.googleapis.com/v1/projects/alphamanager-c2ca9/billingInfo [none]
[debug] [2025-07-03T13:34:21.648Z] <<< [apiv2][status] GET https://cloudbilling.googleapis.com/v1/projects/alphamanager-c2ca9/billingInfo 200
[debug] [2025-07-03T13:34:21.648Z] <<< [apiv2][body] GET https://cloudbilling.googleapis.com/v1/projects/alphamanager-c2ca9/billingInfo {"name":"projects/alphamanager-c2ca9/billingInfo","projectId":"alphamanager-c2ca9","billingAccountName":"billingAccounts/01E02F-020286-8155DD","billingEnabled":true}
[debug] [2025-07-03T13:34:21.649Z] [functions] found 1 new HTTP functions, testing setIamPolicy permission...
[debug] [2025-07-03T13:34:21.649Z] Checked if tokens are valid: true, expires at: 1751553231832
[debug] [2025-07-03T13:34:21.649Z] Checked if tokens are valid: true, expires at: 1751553231832
[debug] [2025-07-03T13:34:21.649Z] >>> [apiv2][query] POST https://cloudresourcemanager.googleapis.com/v1/projects/alphamanager-c2ca9:testIamPermissions [none]
[debug] [2025-07-03T13:34:21.649Z] >>> [apiv2][(partial)header] POST https://cloudresourcemanager.googleapis.com/v1/projects/alphamanager-c2ca9:testIamPermissions x-goog-quota-user=projects/alphamanager-c2ca9
[debug] [2025-07-03T13:34:21.649Z] >>> [apiv2][body] POST https://cloudresourcemanager.googleapis.com/v1/projects/alphamanager-c2ca9:testIamPermissions {"permissions":["cloudfunctions.functions.setIamPolicy"]}
[debug] [2025-07-03T13:34:21.806Z] <<< [apiv2][status] POST https://cloudresourcemanager.googleapis.com/v1/projects/alphamanager-c2ca9:testIamPermissions 200
[debug] [2025-07-03T13:34:21.806Z] <<< [apiv2][body] POST https://cloudresourcemanager.googleapis.com/v1/projects/alphamanager-c2ca9:testIamPermissions {"permissions":["cloudfunctions.functions.setIamPolicy"]}
[debug] [2025-07-03T13:34:21.806Z] [functions] found setIamPolicy permission, proceeding with deploy
[debug] [2025-07-03T13:34:21.806Z] Checked if tokens are valid: true, expires at: 1751553231832
[debug] [2025-07-03T13:34:21.806Z] Checked if tokens are valid: true, expires at: 1751553231832
[debug] [2025-07-03T13:34:21.807Z] >>> [apiv2][query] POST https://cloudfunctions.googleapis.com/v1/projects/alphamanager-c2ca9/locations/us-central1/functions:generateUploadUrl [none]
[debug] [2025-07-03T13:34:21.807Z] >>> [apiv2][body] POST https://cloudfunctions.googleapis.com/v1/projects/alphamanager-c2ca9/locations/us-central1/functions:generateUploadUrl {}
[debug] [2025-07-03T13:34:22.485Z] <<< [apiv2][status] POST https://cloudfunctions.googleapis.com/v1/projects/alphamanager-c2ca9/locations/us-central1/functions:generateUploadUrl 200
[debug] [2025-07-03T13:34:22.486Z] <<< [apiv2][body] POST https://cloudfunctions.googleapis.com/v1/projects/alphamanager-c2ca9/locations/us-central1/functions:generateUploadUrl {"uploadUrl":"https://storage.googleapis.com/uploads-931284957342.us-central1.cloudfunctions.appspot.com/93b2cac3-36f0-446b-8746-c9f299cbb1e8.zip?GoogleAccessId=service-637524389705@gcf-admin-robot.iam.gserviceaccount.com&Expires=1751551462&Signature=DdOZRoIrOdjdfW0uZ6t8Bp0LVd1Lo9nHolzv1wm3g7PdrEzFVJ%2FrEOR7iuiWdL6F9apsGLUA%2FzZ3F10tnjoOzPGHui8j8FVfhWFeaOp0J0T6O0k%2FZFQDDQbVxaxSZNl8%2BeBvvPO1raClcihzswFgB%2FTJbvm3RYKqgIk37PcXZqKe4gA8XM50a%2FmF8VJJgklCJvymNDQaewgV6DgsCPCCbw0ThvRMU1Ro6tUPJUn4geQLA4ARtsQRvQsf35Rt0XWBc6p3fefqHtihbhjrj02IJU%2Fdv3KxcPuqg9OawoPZhL5LmE1IrvNnya%2FJg4NfLKGo%2BpS1Z2s3Elhas65Kl%2FQURg%3D%3D"}
[debug] [2025-07-03T13:34:22.487Z] >>> [apiv2][query] PUT https://storage.googleapis.com/uploads-931284957342.us-central1.cloudfunctions.appspot.com/93b2cac3-36f0-446b-8746-c9f299cbb1e8.zip GoogleAccessId=service-637524389705%40gcf-admin-robot.iam.gserviceaccount.com&Expires=1751551462&Signature=DdOZRoIrOdjdfW0uZ6t8Bp0LVd1Lo9nHolzv1wm3g7PdrEzFVJ%2FrEOR7iuiWdL6F9apsGLUA%2FzZ3F10tnjoOzPGHui8j8FVfhWFeaOp0J0T6O0k%2FZFQDDQbVxaxSZNl8%2BeBvvPO1raClcihzswFgB%2FTJbvm3RYKqgIk37PcXZqKe4gA8XM50a%2FmF8VJJgklCJvymNDQaewgV6DgsCPCCbw0ThvRMU1Ro6tUPJUn4geQLA4ARtsQRvQsf35Rt0XWBc6p3fefqHtihbhjrj02IJU%2Fdv3KxcPuqg9OawoPZhL5LmE1IrvNnya%2FJg4NfLKGo%2BpS1Z2s3Elhas65Kl%2FQURg%3D%3D
[debug] [2025-07-03T13:34:22.487Z] >>> [apiv2][body] PUT https://storage.googleapis.com/uploads-931284957342.us-central1.cloudfunctions.appspot.com/93b2cac3-36f0-446b-8746-c9f299cbb1e8.zip [stream]
[debug] [2025-07-03T13:34:23.704Z] <<< [apiv2][status] PUT https://storage.googleapis.com/uploads-931284957342.us-central1.cloudfunctions.appspot.com/93b2cac3-36f0-446b-8746-c9f299cbb1e8.zip 200
[debug] [2025-07-03T13:34:23.704Z] <<< [apiv2][body] PUT https://storage.googleapis.com/uploads-931284957342.us-central1.cloudfunctions.appspot.com/93b2cac3-36f0-446b-8746-c9f299cbb1e8.zip [omitted]
[info] +  functions: functions folder uploaded successfully 
[info] i  functions: creating Node.js 20 (1st Gen) function updateProductStock(us-central1)... 
[debug] [2025-07-03T13:34:23.713Z] Checked if tokens are valid: true, expires at: 1751553231832
[debug] [2025-07-03T13:34:23.714Z] Checked if tokens are valid: true, expires at: 1751553231832
[debug] [2025-07-03T13:34:23.714Z] >>> [apiv2][query] POST https://cloudfunctions.googleapis.com/v1/projects/alphamanager-c2ca9/locations/us-central1/functions [none]
[debug] [2025-07-03T13:34:23.714Z] >>> [apiv2][body] POST https://cloudfunctions.googleapis.com/v1/projects/alphamanager-c2ca9/locations/us-central1/functions {"name":"projects/alphamanager-c2ca9/locations/us-central1/functions/updateProductStock","sourceUploadUrl":"https://storage.googleapis.com/uploads-931284957342.us-central1.cloudfunctions.appspot.com/93b2cac3-36f0-446b-8746-c9f299cbb1e8.zip?GoogleAccessId=service-637524389705@gcf-admin-robot.iam.gserviceaccount.com&Expires=1751551462&Signature=DdOZRoIrOdjdfW0uZ6t8Bp0LVd1Lo9nHolzv1wm3g7PdrEzFVJ%2FrEOR7iuiWdL6F9apsGLUA%2FzZ3F10tnjoOzPGHui8j8FVfhWFeaOp0J0T6O0k%2FZFQDDQbVxaxSZNl8%2BeBvvPO1raClcihzswFgB%2FTJbvm3RYKqgIk37PcXZqKe4gA8XM50a%2FmF8VJJgklCJvymNDQaewgV6DgsCPCCbw0ThvRMU1Ro6tUPJUn4geQLA4ARtsQRvQsf35Rt0XWBc6p3fefqHtihbhjrj02IJU%2Fdv3KxcPuqg9OawoPZhL5LmE1IrvNnya%2FJg4NfLKGo%2BpS1Z2s3Elhas65Kl%2FQURg%3D%3D","entryPoint":"updateProductStock","runtime":"nodejs20","dockerRegistry":"ARTIFACT_REGISTRY","labels":{"deployment-tool":"cli-firebase","firebase-functions-hash":"fcf7d8ad44e0248438e8cbedb0b5757b3a701ed3"},"httpsTrigger":{"securityLevel":"SECURE_ALWAYS"},"minInstances":null,"maxInstances":null,"ingressSettings":null,"environmentVariables":{"FIREBASE_CONFIG":"{\"projectId\":\"alphamanager-c2ca9\",\"storageBucket\":\"alphamanager-c2ca9.firebasestorage.app\"}","GCLOUD_PROJECT":"alphamanager-c2ca9","EVENTARC_CLOUD_EVENT_SOURCE":"projects/alphamanager-c2ca9/locations/us-central1/functions/updateProductStock"},"serviceAccountEmail":null,"availableMemoryMb":512,"timeout":"300s","vpcConnector":null,"vpcConnectorEgressSettings":null,"buildEnvironmentVariables":{"GOOGLE_NODE_RUN_SCRIPTS":""}}
[debug] [2025-07-03T13:34:24.486Z] <<< [apiv2][status] POST https://cloudfunctions.googleapis.com/v1/projects/alphamanager-c2ca9/locations/us-central1/functions 200
[debug] [2025-07-03T13:34:24.486Z] <<< [apiv2][body] POST https://cloudfunctions.googleapis.com/v1/projects/alphamanager-c2ca9/locations/us-central1/functions {"name":"operations/cHJvamVjdHMvYWxwaGFtYW5hZ2VyLWMyY2E5L2xvY2F0aW9ucy91cy1jZW50cmFsMS9vcGVyYXRpb25zL29wZXJhdGlvbi0xNzUxNTQ5NjYzOTYyLTYzOTA2NmY4NmU1MzYtMmZiODMyYzktN2MzZTcwYjE","metadata":{"@type":"type.googleapis.com/google.cloud.functions.v1.OperationMetadataV1","target":"projects/alphamanager-c2ca9/locations/us-central1/functions/updateProductStock","updateTime":"2025-07-03T13:34:24.382724585Z"}}
[debug] [2025-07-03T13:34:24.486Z] Checked if tokens are valid: true, expires at: 1751553231832
[debug] [2025-07-03T13:34:24.486Z] Checked if tokens are valid: true, expires at: 1751553231832
[debug] [2025-07-03T13:34:24.487Z] >>> [apiv2][query] GET https://cloudfunctions.googleapis.com/v1/operations/cHJvamVjdHMvYWxwaGFtYW5hZ2VyLWMyY2E5L2xvY2F0aW9ucy91cy1jZW50cmFsMS9vcGVyYXRpb25zL29wZXJhdGlvbi0xNzUxNTQ5NjYzOTYyLTYzOTA2NmY4NmU1MzYtMmZiODMyYzktN2MzZTcwYjE [none]
[debug] [2025-07-03T13:34:24.922Z] <<< [apiv2][status] GET https://cloudfunctions.googleapis.com/v1/operations/cHJvamVjdHMvYWxwaGFtYW5hZ2VyLWMyY2E5L2xvY2F0aW9ucy91cy1jZW50cmFsMS9vcGVyYXRpb25zL29wZXJhdGlvbi0xNzUxNTQ5NjYzOTYyLTYzOTA2NmY4NmU1MzYtMmZiODMyYzktN2MzZTcwYjE 200
[debug] [2025-07-03T13:34:24.923Z] <<< [apiv2][body] GET https://cloudfunctions.googleapis.com/v1/operations/cHJvamVjdHMvYWxwaGFtYW5hZ2VyLWMyY2E5L2xvY2F0aW9ucy91cy1jZW50cmFsMS9vcGVyYXRpb25zL29wZXJhdGlvbi0xNzUxNTQ5NjYzOTYyLTYzOTA2NmY4NmU1MzYtMmZiODMyYzktN2MzZTcwYjE {"name":"operations/cHJvamVjdHMvYWxwaGFtYW5hZ2VyLWMyY2E5L2xvY2F0aW9ucy91cy1jZW50cmFsMS9vcGVyYXRpb25zL29wZXJhdGlvbi0xNzUxNTQ5NjYzOTYyLTYzOTA2NmY4NmU1MzYtMmZiODMyYzktN2MzZTcwYjE","metadata":{"@type":"type.googleapis.com/google.cloud.functions.v1.OperationMetadataV1","target":"projects/alphamanager-c2ca9/locations/us-central1/functions/updateProductStock","updateTime":"2025-07-03T13:34:24.382724585Z"}}
[debug] [2025-07-03T13:34:25.437Z] [create-default-us-central1-updateProductStock] Retrying task index 0
[debug] [2025-07-03T13:34:25.438Z] Checked if tokens are valid: true, expires at: 1751553231832
[debug] [2025-07-03T13:34:25.438Z] Checked if tokens are valid: true, expires at: 1751553231832
[debug] [2025-07-03T13:34:25.439Z] >>> [apiv2][query] GET https://cloudfunctions.googleapis.com/v1/operations/cHJvamVjdHMvYWxwaGFtYW5hZ2VyLWMyY2E5L2xvY2F0aW9ucy91cy1jZW50cmFsMS9vcGVyYXRpb25zL29wZXJhdGlvbi0xNzUxNTQ5NjYzOTYyLTYzOTA2NmY4NmU1MzYtMmZiODMyYzktN2MzZTcwYjE [none]
[debug] [2025-07-03T13:34:25.754Z] <<< [apiv2][status] GET https://cloudfunctions.googleapis.com/v1/operations/cHJvamVjdHMvYWxwaGFtYW5hZ2VyLWMyY2E5L2xvY2F0aW9ucy91cy1jZW50cmFsMS9vcGVyYXRpb25zL29wZXJhdGlvbi0xNzUxNTQ5NjYzOTYyLTYzOTA2NmY4NmU1MzYtMmZiODMyYzktN2MzZTcwYjE 200
[debug] [2025-07-03T13:34:25.755Z] <<< [apiv2][body] GET https://cloudfunctions.googleapis.com/v1/operations/cHJvamVjdHMvYWxwaGFtYW5hZ2VyLWMyY2E5L2xvY2F0aW9ucy91cy1jZW50cmFsMS9vcGVyYXRpb25zL29wZXJhdGlvbi0xNzUxNTQ5NjYzOTYyLTYzOTA2NmY4NmU1MzYtMmZiODMyYzktN2MzZTcwYjE {"name":"operations/cHJvamVjdHMvYWxwaGFtYW5hZ2VyLWMyY2E5L2xvY2F0aW9ucy91cy1jZW50cmFsMS9vcGVyYXRpb25zL29wZXJhdGlvbi0xNzUxNTQ5NjYzOTYyLTYzOTA2NmY4NmU1MzYtMmZiODMyYzktN2MzZTcwYjE","metadata":{"@type":"type.googleapis.com/google.cloud.functions.v1.OperationMetadataV1","target":"projects/alphamanager-c2ca9/locations/us-central1/functions/updateProductStock","type":"CREATE_FUNCTION","request":{"@type":"type.googleapis.com/google.cloud.functions.v1.CloudFunction","name":"projects/alphamanager-c2ca9/locations/us-central1/functions/updateProductStock","httpsTrigger":{"securityLevel":"SECURE_ALWAYS"},"entryPoint":"updateProductStock","timeout":"300s","availableMemoryMb":512,"updateTime":"1970-01-01T00:00:00Z","labels":{"deployment-tool":"cli-firebase","firebase-functions-hash":"fcf7d8ad44e0248438e8cbedb0b5757b3a701ed3"},"sourceUploadUrl":"https://storage.googleapis.com/uploads-931284957342.us-central1.cloudfunctions.appspot.com/93b2cac3-36f0-446b-8746-c9f299cbb1e8.zip?GoogleAccessId=service-637524389705@gcf-admin-robot.iam.gserviceaccount.com&Expires=1751551462&Signature=DdOZRoIrOdjdfW0uZ6t8Bp0LVd1Lo9nHolzv1wm3g7PdrEzFVJ%2FrEOR7iuiWdL6F9apsGLUA%2FzZ3F10tnjoOzPGHui8j8FVfhWFeaOp0J0T6O0k%2FZFQDDQbVxaxSZNl8%2BeBvvPO1raClcihzswFgB%2FTJbvm3RYKqgIk37PcXZqKe4gA8XM50a%2FmF8VJJgklCJvymNDQaewgV6DgsCPCCbw0ThvRMU1Ro6tUPJUn4geQLA4ARtsQRvQsf35Rt0XWBc6p3fefqHtihbhjrj02IJU%2Fdv3KxcPuqg9OawoPZhL5LmE1IrvNnya%2FJg4NfLKGo%2BpS1Z2s3Elhas65Kl%2FQURg%3D%3D","environmentVariables":{"FIREBASE_CONFIG":"{\"projectId\":\"alphamanager-c2ca9\",\"storageBucket\":\"alphamanager-c2ca9.firebasestorage.app\"}","GCLOUD_PROJECT":"alphamanager-c2ca9","EVENTARC_CLOUD_EVENT_SOURCE":"projects/alphamanager-c2ca9/locations/us-central1/functions/updateProductStock"},"runtime":"nodejs20","buildEnvironmentVariables":{"GOOGLE_NODE_RUN_SCRIPTS":""},"dockerRegistry":"ARTIFACT_REGISTRY"},"versionId":"1","updateTime":"2025-07-03T13:34:24.382724585Z"}}
[debug] [2025-07-03T13:34:26.759Z] [create-default-us-central1-updateProductStock] Retrying task index 0
[debug] [2025-07-03T13:34:26.760Z] Checked if tokens are valid: true, expires at: 1751553231832
[debug] [2025-07-03T13:34:26.760Z] Checked if tokens are valid: true, expires at: 1751553231832
[debug] [2025-07-03T13:34:26.760Z] >>> [apiv2][query] GET https://cloudfunctions.googleapis.com/v1/operations/cHJvamVjdHMvYWxwaGFtYW5hZ2VyLWMyY2E5L2xvY2F0aW9ucy91cy1jZW50cmFsMS9vcGVyYXRpb25zL29wZXJhdGlvbi0xNzUxNTQ5NjYzOTYyLTYzOTA2NmY4NmU1MzYtMmZiODMyYzktN2MzZTcwYjE [none]
[debug] [2025-07-03T13:34:27.112Z] <<< [apiv2][status] GET https://cloudfunctions.googleapis.com/v1/operations/cHJvamVjdHMvYWxwaGFtYW5hZ2VyLWMyY2E5L2xvY2F0aW9ucy91cy1jZW50cmFsMS9vcGVyYXRpb25zL29wZXJhdGlvbi0xNzUxNTQ5NjYzOTYyLTYzOTA2NmY4NmU1MzYtMmZiODMyYzktN2MzZTcwYjE 200
[debug] [2025-07-03T13:34:27.113Z] <<< [apiv2][body] GET https://cloudfunctions.googleapis.com/v1/operations/cHJvamVjdHMvYWxwaGFtYW5hZ2VyLWMyY2E5L2xvY2F0aW9ucy91cy1jZW50cmFsMS9vcGVyYXRpb25zL29wZXJhdGlvbi0xNzUxNTQ5NjYzOTYyLTYzOTA2NmY4NmU1MzYtMmZiODMyYzktN2MzZTcwYjE {"name":"operations/cHJvamVjdHMvYWxwaGFtYW5hZ2VyLWMyY2E5L2xvY2F0aW9ucy91cy1jZW50cmFsMS9vcGVyYXRpb25zL29wZXJhdGlvbi0xNzUxNTQ5NjYzOTYyLTYzOTA2NmY4NmU1MzYtMmZiODMyYzktN2MzZTcwYjE","metadata":{"@type":"type.googleapis.com/google.cloud.functions.v1.OperationMetadataV1","target":"projects/alphamanager-c2ca9/locations/us-central1/functions/updateProductStock","type":"CREATE_FUNCTION","request":{"@type":"type.googleapis.com/google.cloud.functions.v1.CloudFunction","name":"projects/alphamanager-c2ca9/locations/us-central1/functions/updateProductStock","httpsTrigger":{"securityLevel":"SECURE_ALWAYS"},"entryPoint":"updateProductStock","timeout":"300s","availableMemoryMb":512,"updateTime":"1970-01-01T00:00:00Z","labels":{"deployment-tool":"cli-firebase","firebase-functions-hash":"fcf7d8ad44e0248438e8cbedb0b5757b3a701ed3"},"sourceUploadUrl":"https://storage.googleapis.com/uploads-931284957342.us-central1.cloudfunctions.appspot.com/93b2cac3-36f0-446b-8746-c9f299cbb1e8.zip?GoogleAccessId=service-637524389705@gcf-admin-robot.iam.gserviceaccount.com&Expires=1751551462&Signature=DdOZRoIrOdjdfW0uZ6t8Bp0LVd1Lo9nHolzv1wm3g7PdrEzFVJ%2FrEOR7iuiWdL6F9apsGLUA%2FzZ3F10tnjoOzPGHui8j8FVfhWFeaOp0J0T6O0k%2FZFQDDQbVxaxSZNl8%2BeBvvPO1raClcihzswFgB%2FTJbvm3RYKqgIk37PcXZqKe4gA8XM50a%2FmF8VJJgklCJvymNDQaewgV6DgsCPCCbw0ThvRMU1Ro6tUPJUn4geQLA4ARtsQRvQsf35Rt0XWBc6p3fefqHtihbhjrj02IJU%2Fdv3KxcPuqg9OawoPZhL5LmE1IrvNnya%2FJg4NfLKGo%2BpS1Z2s3Elhas65Kl%2FQURg%3D%3D","environmentVariables":{"FIREBASE_CONFIG":"{\"projectId\":\"alphamanager-c2ca9\",\"storageBucket\":\"alphamanager-c2ca9.firebasestorage.app\"}","GCLOUD_PROJECT":"alphamanager-c2ca9","EVENTARC_CLOUD_EVENT_SOURCE":"projects/alphamanager-c2ca9/locations/us-central1/functions/updateProductStock"},"runtime":"nodejs20","buildEnvironmentVariables":{"GOOGLE_NODE_RUN_SCRIPTS":""},"dockerRegistry":"ARTIFACT_REGISTRY"},"versionId":"1","updateTime":"2025-07-03T13:34:24.382724585Z"}}
[debug] [2025-07-03T13:34:29.125Z] [create-default-us-central1-updateProductStock] Retrying task index 0
[debug] [2025-07-03T13:34:29.126Z] Checked if tokens are valid: true, expires at: 1751553231832
[debug] [2025-07-03T13:34:29.126Z] Checked if tokens are valid: true, expires at: 1751553231832
[debug] [2025-07-03T13:34:29.127Z] >>> [apiv2][query] GET https://cloudfunctions.googleapis.com/v1/operations/cHJvamVjdHMvYWxwaGFtYW5hZ2VyLWMyY2E5L2xvY2F0aW9ucy91cy1jZW50cmFsMS9vcGVyYXRpb25zL29wZXJhdGlvbi0xNzUxNTQ5NjYzOTYyLTYzOTA2NmY4NmU1MzYtMmZiODMyYzktN2MzZTcwYjE [none]
[debug] [2025-07-03T13:34:29.453Z] <<< [apiv2][status] GET https://cloudfunctions.googleapis.com/v1/operations/cHJvamVjdHMvYWxwaGFtYW5hZ2VyLWMyY2E5L2xvY2F0aW9ucy91cy1jZW50cmFsMS9vcGVyYXRpb25zL29wZXJhdGlvbi0xNzUxNTQ5NjYzOTYyLTYzOTA2NmY4NmU1MzYtMmZiODMyYzktN2MzZTcwYjE 200
[debug] [2025-07-03T13:34:29.454Z] <<< [apiv2][body] GET https://cloudfunctions.googleapis.com/v1/operations/cHJvamVjdHMvYWxwaGFtYW5hZ2VyLWMyY2E5L2xvY2F0aW9ucy91cy1jZW50cmFsMS9vcGVyYXRpb25zL29wZXJhdGlvbi0xNzUxNTQ5NjYzOTYyLTYzOTA2NmY4NmU1MzYtMmZiODMyYzktN2MzZTcwYjE {"name":"operations/cHJvamVjdHMvYWxwaGFtYW5hZ2VyLWMyY2E5L2xvY2F0aW9ucy91cy1jZW50cmFsMS9vcGVyYXRpb25zL29wZXJhdGlvbi0xNzUxNTQ5NjYzOTYyLTYzOTA2NmY4NmU1MzYtMmZiODMyYzktN2MzZTcwYjE","metadata":{"@type":"type.googleapis.com/google.cloud.functions.v1.OperationMetadataV1","target":"projects/alphamanager-c2ca9/locations/us-central1/functions/updateProductStock","type":"CREATE_FUNCTION","request":{"@type":"type.googleapis.com/google.cloud.functions.v1.CloudFunction","name":"projects/alphamanager-c2ca9/locations/us-central1/functions/updateProductStock","httpsTrigger":{"securityLevel":"SECURE_ALWAYS"},"entryPoint":"updateProductStock","timeout":"300s","availableMemoryMb":512,"updateTime":"1970-01-01T00:00:00Z","labels":{"deployment-tool":"cli-firebase","firebase-functions-hash":"fcf7d8ad44e0248438e8cbedb0b5757b3a701ed3"},"sourceUploadUrl":"https://storage.googleapis.com/uploads-931284957342.us-central1.cloudfunctions.appspot.com/93b2cac3-36f0-446b-8746-c9f299cbb1e8.zip?GoogleAccessId=service-637524389705@gcf-admin-robot.iam.gserviceaccount.com&Expires=1751551462&Signature=DdOZRoIrOdjdfW0uZ6t8Bp0LVd1Lo9nHolzv1wm3g7PdrEzFVJ%2FrEOR7iuiWdL6F9apsGLUA%2FzZ3F10tnjoOzPGHui8j8FVfhWFeaOp0J0T6O0k%2FZFQDDQbVxaxSZNl8%2BeBvvPO1raClcihzswFgB%2FTJbvm3RYKqgIk37PcXZqKe4gA8XM50a%2FmF8VJJgklCJvymNDQaewgV6DgsCPCCbw0ThvRMU1Ro6tUPJUn4geQLA4ARtsQRvQsf35Rt0XWBc6p3fefqHtihbhjrj02IJU%2Fdv3KxcPuqg9OawoPZhL5LmE1IrvNnya%2FJg4NfLKGo%2BpS1Z2s3Elhas65Kl%2FQURg%3D%3D","environmentVariables":{"FIREBASE_CONFIG":"{\"projectId\":\"alphamanager-c2ca9\",\"storageBucket\":\"alphamanager-c2ca9.firebasestorage.app\"}","GCLOUD_PROJECT":"alphamanager-c2ca9","EVENTARC_CLOUD_EVENT_SOURCE":"projects/alphamanager-c2ca9/locations/us-central1/functions/updateProductStock"},"runtime":"nodejs20","buildEnvironmentVariables":{"GOOGLE_NODE_RUN_SCRIPTS":""},"dockerRegistry":"ARTIFACT_REGISTRY"},"versionId":"1","updateTime":"2025-07-03T13:34:24.382724585Z","buildId":"95bcedba-61b8-4743-a5c5-1acfa8212e86","buildName":"projects/637524389705/locations/us-central1/builds/95bcedba-61b8-4743-a5c5-1acfa8212e86"}}
[debug] [2025-07-03T13:34:33.460Z] [create-default-us-central1-updateProductStock] Retrying task index 0
[debug] [2025-07-03T13:34:33.460Z] Checked if tokens are valid: true, expires at: 1751553231832
[debug] [2025-07-03T13:34:33.460Z] Checked if tokens are valid: true, expires at: 1751553231832
[debug] [2025-07-03T13:34:33.461Z] >>> [apiv2][query] GET https://cloudfunctions.googleapis.com/v1/operations/cHJvamVjdHMvYWxwaGFtYW5hZ2VyLWMyY2E5L2xvY2F0aW9ucy91cy1jZW50cmFsMS9vcGVyYXRpb25zL29wZXJhdGlvbi0xNzUxNTQ5NjYzOTYyLTYzOTA2NmY4NmU1MzYtMmZiODMyYzktN2MzZTcwYjE [none]
[debug] [2025-07-03T13:34:33.749Z] <<< [apiv2][status] GET https://cloudfunctions.googleapis.com/v1/operations/cHJvamVjdHMvYWxwaGFtYW5hZ2VyLWMyY2E5L2xvY2F0aW9ucy91cy1jZW50cmFsMS9vcGVyYXRpb25zL29wZXJhdGlvbi0xNzUxNTQ5NjYzOTYyLTYzOTA2NmY4NmU1MzYtMmZiODMyYzktN2MzZTcwYjE 200
[debug] [2025-07-03T13:34:33.749Z] <<< [apiv2][body] GET https://cloudfunctions.googleapis.com/v1/operations/cHJvamVjdHMvYWxwaGFtYW5hZ2VyLWMyY2E5L2xvY2F0aW9ucy91cy1jZW50cmFsMS9vcGVyYXRpb25zL29wZXJhdGlvbi0xNzUxNTQ5NjYzOTYyLTYzOTA2NmY4NmU1MzYtMmZiODMyYzktN2MzZTcwYjE {"name":"operations/cHJvamVjdHMvYWxwaGFtYW5hZ2VyLWMyY2E5L2xvY2F0aW9ucy91cy1jZW50cmFsMS9vcGVyYXRpb25zL29wZXJhdGlvbi0xNzUxNTQ5NjYzOTYyLTYzOTA2NmY4NmU1MzYtMmZiODMyYzktN2MzZTcwYjE","metadata":{"@type":"type.googleapis.com/google.cloud.functions.v1.OperationMetadataV1","target":"projects/alphamanager-c2ca9/locations/us-central1/functions/updateProductStock","type":"CREATE_FUNCTION","request":{"@type":"type.googleapis.com/google.cloud.functions.v1.CloudFunction","name":"projects/alphamanager-c2ca9/locations/us-central1/functions/updateProductStock","httpsTrigger":{"securityLevel":"SECURE_ALWAYS"},"entryPoint":"updateProductStock","timeout":"300s","availableMemoryMb":512,"updateTime":"1970-01-01T00:00:00Z","labels":{"deployment-tool":"cli-firebase","firebase-functions-hash":"fcf7d8ad44e0248438e8cbedb0b5757b3a701ed3"},"sourceUploadUrl":"https://storage.googleapis.com/uploads-931284957342.us-central1.cloudfunctions.appspot.com/93b2cac3-36f0-446b-8746-c9f299cbb1e8.zip?GoogleAccessId=service-637524389705@gcf-admin-robot.iam.gserviceaccount.com&Expires=1751551462&Signature=DdOZRoIrOdjdfW0uZ6t8Bp0LVd1Lo9nHolzv1wm3g7PdrEzFVJ%2FrEOR7iuiWdL6F9apsGLUA%2FzZ3F10tnjoOzPGHui8j8FVfhWFeaOp0J0T6O0k%2FZFQDDQbVxaxSZNl8%2BeBvvPO1raClcihzswFgB%2FTJbvm3RYKqgIk37PcXZqKe4gA8XM50a%2FmF8VJJgklCJvymNDQaewgV6DgsCPCCbw0ThvRMU1Ro6tUPJUn4geQLA4ARtsQRvQsf35Rt0XWBc6p3fefqHtihbhjrj02IJU%2Fdv3KxcPuqg9OawoPZhL5LmE1IrvNnya%2FJg4NfLKGo%2BpS1Z2s3Elhas65Kl%2FQURg%3D%3D","environmentVariables":{"FIREBASE_CONFIG":"{\"projectId\":\"alphamanager-c2ca9\",\"storageBucket\":\"alphamanager-c2ca9.firebasestorage.app\"}","GCLOUD_PROJECT":"alphamanager-c2ca9","EVENTARC_CLOUD_EVENT_SOURCE":"projects/alphamanager-c2ca9/locations/us-central1/functions/updateProductStock"},"runtime":"nodejs20","buildEnvironmentVariables":{"GOOGLE_NODE_RUN_SCRIPTS":""},"dockerRegistry":"ARTIFACT_REGISTRY"},"versionId":"1","updateTime":"2025-07-03T13:34:24.382724585Z","buildId":"95bcedba-61b8-4743-a5c5-1acfa8212e86","buildName":"projects/637524389705/locations/us-central1/builds/95bcedba-61b8-4743-a5c5-1acfa8212e86"}}
[debug] [2025-07-03T13:34:41.765Z] [create-default-us-central1-updateProductStock] Retrying task index 0
[debug] [2025-07-03T13:34:41.765Z] Checked if tokens are valid: true, expires at: 1751553231832
[debug] [2025-07-03T13:34:41.765Z] Checked if tokens are valid: true, expires at: 1751553231832
[debug] [2025-07-03T13:34:41.766Z] >>> [apiv2][query] GET https://cloudfunctions.googleapis.com/v1/operations/cHJvamVjdHMvYWxwaGFtYW5hZ2VyLWMyY2E5L2xvY2F0aW9ucy91cy1jZW50cmFsMS9vcGVyYXRpb25zL29wZXJhdGlvbi0xNzUxNTQ5NjYzOTYyLTYzOTA2NmY4NmU1MzYtMmZiODMyYzktN2MzZTcwYjE [none]
[debug] [2025-07-03T13:34:42.330Z] <<< [apiv2][status] GET https://cloudfunctions.googleapis.com/v1/operations/cHJvamVjdHMvYWxwaGFtYW5hZ2VyLWMyY2E5L2xvY2F0aW9ucy91cy1jZW50cmFsMS9vcGVyYXRpb25zL29wZXJhdGlvbi0xNzUxNTQ5NjYzOTYyLTYzOTA2NmY4NmU1MzYtMmZiODMyYzktN2MzZTcwYjE 200
[debug] [2025-07-03T13:34:42.331Z] <<< [apiv2][body] GET https://cloudfunctions.googleapis.com/v1/operations/cHJvamVjdHMvYWxwaGFtYW5hZ2VyLWMyY2E5L2xvY2F0aW9ucy91cy1jZW50cmFsMS9vcGVyYXRpb25zL29wZXJhdGlvbi0xNzUxNTQ5NjYzOTYyLTYzOTA2NmY4NmU1MzYtMmZiODMyYzktN2MzZTcwYjE {"name":"operations/cHJvamVjdHMvYWxwaGFtYW5hZ2VyLWMyY2E5L2xvY2F0aW9ucy91cy1jZW50cmFsMS9vcGVyYXRpb25zL29wZXJhdGlvbi0xNzUxNTQ5NjYzOTYyLTYzOTA2NmY4NmU1MzYtMmZiODMyYzktN2MzZTcwYjE","metadata":{"@type":"type.googleapis.com/google.cloud.functions.v1.OperationMetadataV1","target":"projects/alphamanager-c2ca9/locations/us-central1/functions/updateProductStock","type":"CREATE_FUNCTION","request":{"@type":"type.googleapis.com/google.cloud.functions.v1.CloudFunction","name":"projects/alphamanager-c2ca9/locations/us-central1/functions/updateProductStock","httpsTrigger":{"securityLevel":"SECURE_ALWAYS"},"entryPoint":"updateProductStock","timeout":"300s","availableMemoryMb":512,"updateTime":"1970-01-01T00:00:00Z","labels":{"deployment-tool":"cli-firebase","firebase-functions-hash":"fcf7d8ad44e0248438e8cbedb0b5757b3a701ed3"},"sourceUploadUrl":"https://storage.googleapis.com/uploads-931284957342.us-central1.cloudfunctions.appspot.com/93b2cac3-36f0-446b-8746-c9f299cbb1e8.zip?GoogleAccessId=service-637524389705@gcf-admin-robot.iam.gserviceaccount.com&Expires=1751551462&Signature=DdOZRoIrOdjdfW0uZ6t8Bp0LVd1Lo9nHolzv1wm3g7PdrEzFVJ%2FrEOR7iuiWdL6F9apsGLUA%2FzZ3F10tnjoOzPGHui8j8FVfhWFeaOp0J0T6O0k%2FZFQDDQbVxaxSZNl8%2BeBvvPO1raClcihzswFgB%2FTJbvm3RYKqgIk37PcXZqKe4gA8XM50a%2FmF8VJJgklCJvymNDQaewgV6DgsCPCCbw0ThvRMU1Ro6tUPJUn4geQLA4ARtsQRvQsf35Rt0XWBc6p3fefqHtihbhjrj02IJU%2Fdv3KxcPuqg9OawoPZhL5LmE1IrvNnya%2FJg4NfLKGo%2BpS1Z2s3Elhas65Kl%2FQURg%3D%3D","environmentVariables":{"FIREBASE_CONFIG":"{\"projectId\":\"alphamanager-c2ca9\",\"storageBucket\":\"alphamanager-c2ca9.firebasestorage.app\"}","GCLOUD_PROJECT":"alphamanager-c2ca9","EVENTARC_CLOUD_EVENT_SOURCE":"projects/alphamanager-c2ca9/locations/us-central1/functions/updateProductStock"},"runtime":"nodejs20","buildEnvironmentVariables":{"GOOGLE_NODE_RUN_SCRIPTS":""},"dockerRegistry":"ARTIFACT_REGISTRY"},"versionId":"1","updateTime":"2025-07-03T13:34:24.382724585Z","buildId":"95bcedba-61b8-4743-a5c5-1acfa8212e86","buildName":"projects/637524389705/locations/us-central1/builds/95bcedba-61b8-4743-a5c5-1acfa8212e86"}}
[debug] [2025-07-03T13:34:52.336Z] [create-default-us-central1-updateProductStock] Retrying task index 0
[debug] [2025-07-03T13:34:52.337Z] Checked if tokens are valid: true, expires at: 1751553231832
[debug] [2025-07-03T13:34:52.337Z] Checked if tokens are valid: true, expires at: 1751553231832
[debug] [2025-07-03T13:34:52.337Z] >>> [apiv2][query] GET https://cloudfunctions.googleapis.com/v1/operations/cHJvamVjdHMvYWxwaGFtYW5hZ2VyLWMyY2E5L2xvY2F0aW9ucy91cy1jZW50cmFsMS9vcGVyYXRpb25zL29wZXJhdGlvbi0xNzUxNTQ5NjYzOTYyLTYzOTA2NmY4NmU1MzYtMmZiODMyYzktN2MzZTcwYjE [none]
[debug] [2025-07-03T13:34:52.804Z] <<< [apiv2][status] GET https://cloudfunctions.googleapis.com/v1/operations/cHJvamVjdHMvYWxwaGFtYW5hZ2VyLWMyY2E5L2xvY2F0aW9ucy91cy1jZW50cmFsMS9vcGVyYXRpb25zL29wZXJhdGlvbi0xNzUxNTQ5NjYzOTYyLTYzOTA2NmY4NmU1MzYtMmZiODMyYzktN2MzZTcwYjE 200
[debug] [2025-07-03T13:34:52.804Z] <<< [apiv2][body] GET https://cloudfunctions.googleapis.com/v1/operations/cHJvamVjdHMvYWxwaGFtYW5hZ2VyLWMyY2E5L2xvY2F0aW9ucy91cy1jZW50cmFsMS9vcGVyYXRpb25zL29wZXJhdGlvbi0xNzUxNTQ5NjYzOTYyLTYzOTA2NmY4NmU1MzYtMmZiODMyYzktN2MzZTcwYjE {"name":"operations/cHJvamVjdHMvYWxwaGFtYW5hZ2VyLWMyY2E5L2xvY2F0aW9ucy91cy1jZW50cmFsMS9vcGVyYXRpb25zL29wZXJhdGlvbi0xNzUxNTQ5NjYzOTYyLTYzOTA2NmY4NmU1MzYtMmZiODMyYzktN2MzZTcwYjE","metadata":{"@type":"type.googleapis.com/google.cloud.functions.v1.OperationMetadataV1","target":"projects/alphamanager-c2ca9/locations/us-central1/functions/updateProductStock","type":"CREATE_FUNCTION","request":{"@type":"type.googleapis.com/google.cloud.functions.v1.CloudFunction","name":"projects/alphamanager-c2ca9/locations/us-central1/functions/updateProductStock","httpsTrigger":{"securityLevel":"SECURE_ALWAYS"},"entryPoint":"updateProductStock","timeout":"300s","availableMemoryMb":512,"updateTime":"1970-01-01T00:00:00Z","labels":{"deployment-tool":"cli-firebase","firebase-functions-hash":"fcf7d8ad44e0248438e8cbedb0b5757b3a701ed3"},"sourceUploadUrl":"https://storage.googleapis.com/uploads-931284957342.us-central1.cloudfunctions.appspot.com/93b2cac3-36f0-446b-8746-c9f299cbb1e8.zip?GoogleAccessId=service-637524389705@gcf-admin-robot.iam.gserviceaccount.com&Expires=1751551462&Signature=DdOZRoIrOdjdfW0uZ6t8Bp0LVd1Lo9nHolzv1wm3g7PdrEzFVJ%2FrEOR7iuiWdL6F9apsGLUA%2FzZ3F10tnjoOzPGHui8j8FVfhWFeaOp0J0T6O0k%2FZFQDDQbVxaxSZNl8%2BeBvvPO1raClcihzswFgB%2FTJbvm3RYKqgIk37PcXZqKe4gA8XM50a%2FmF8VJJgklCJvymNDQaewgV6DgsCPCCbw0ThvRMU1Ro6tUPJUn4geQLA4ARtsQRvQsf35Rt0XWBc6p3fefqHtihbhjrj02IJU%2Fdv3KxcPuqg9OawoPZhL5LmE1IrvNnya%2FJg4NfLKGo%2BpS1Z2s3Elhas65Kl%2FQURg%3D%3D","environmentVariables":{"FIREBASE_CONFIG":"{\"projectId\":\"alphamanager-c2ca9\",\"storageBucket\":\"alphamanager-c2ca9.firebasestorage.app\"}","GCLOUD_PROJECT":"alphamanager-c2ca9","EVENTARC_CLOUD_EVENT_SOURCE":"projects/alphamanager-c2ca9/locations/us-central1/functions/updateProductStock"},"runtime":"nodejs20","buildEnvironmentVariables":{"GOOGLE_NODE_RUN_SCRIPTS":""},"dockerRegistry":"ARTIFACT_REGISTRY"},"versionId":"1","updateTime":"2025-07-03T13:34:24.382724585Z","buildId":"95bcedba-61b8-4743-a5c5-1acfa8212e86","buildName":"projects/637524389705/locations/us-central1/builds/95bcedba-61b8-4743-a5c5-1acfa8212e86"}}
[debug] [2025-07-03T13:35:02.808Z] [create-default-us-central1-updateProductStock] Retrying task index 0
[debug] [2025-07-03T13:35:02.809Z] Checked if tokens are valid: true, expires at: 1751553231832
[debug] [2025-07-03T13:35:02.810Z] Checked if tokens are valid: true, expires at: 1751553231832
[debug] [2025-07-03T13:35:02.810Z] >>> [apiv2][query] GET https://cloudfunctions.googleapis.com/v1/operations/cHJvamVjdHMvYWxwaGFtYW5hZ2VyLWMyY2E5L2xvY2F0aW9ucy91cy1jZW50cmFsMS9vcGVyYXRpb25zL29wZXJhdGlvbi0xNzUxNTQ5NjYzOTYyLTYzOTA2NmY4NmU1MzYtMmZiODMyYzktN2MzZTcwYjE [none]
[debug] [2025-07-03T13:35:03.401Z] <<< [apiv2][status] GET https://cloudfunctions.googleapis.com/v1/operations/cHJvamVjdHMvYWxwaGFtYW5hZ2VyLWMyY2E5L2xvY2F0aW9ucy91cy1jZW50cmFsMS9vcGVyYXRpb25zL29wZXJhdGlvbi0xNzUxNTQ5NjYzOTYyLTYzOTA2NmY4NmU1MzYtMmZiODMyYzktN2MzZTcwYjE 200
[debug] [2025-07-03T13:35:03.401Z] <<< [apiv2][body] GET https://cloudfunctions.googleapis.com/v1/operations/cHJvamVjdHMvYWxwaGFtYW5hZ2VyLWMyY2E5L2xvY2F0aW9ucy91cy1jZW50cmFsMS9vcGVyYXRpb25zL29wZXJhdGlvbi0xNzUxNTQ5NjYzOTYyLTYzOTA2NmY4NmU1MzYtMmZiODMyYzktN2MzZTcwYjE {"name":"operations/cHJvamVjdHMvYWxwaGFtYW5hZ2VyLWMyY2E5L2xvY2F0aW9ucy91cy1jZW50cmFsMS9vcGVyYXRpb25zL29wZXJhdGlvbi0xNzUxNTQ5NjYzOTYyLTYzOTA2NmY4NmU1MzYtMmZiODMyYzktN2MzZTcwYjE","metadata":{"@type":"type.googleapis.com/google.cloud.functions.v1.OperationMetadataV1","target":"projects/alphamanager-c2ca9/locations/us-central1/functions/updateProductStock","type":"CREATE_FUNCTION","request":{"@type":"type.googleapis.com/google.cloud.functions.v1.CloudFunction","name":"projects/alphamanager-c2ca9/locations/us-central1/functions/updateProductStock","httpsTrigger":{"securityLevel":"SECURE_ALWAYS"},"entryPoint":"updateProductStock","timeout":"300s","availableMemoryMb":512,"updateTime":"1970-01-01T00:00:00Z","labels":{"deployment-tool":"cli-firebase","firebase-functions-hash":"fcf7d8ad44e0248438e8cbedb0b5757b3a701ed3"},"sourceUploadUrl":"https://storage.googleapis.com/uploads-931284957342.us-central1.cloudfunctions.appspot.com/93b2cac3-36f0-446b-8746-c9f299cbb1e8.zip?GoogleAccessId=service-637524389705@gcf-admin-robot.iam.gserviceaccount.com&Expires=1751551462&Signature=DdOZRoIrOdjdfW0uZ6t8Bp0LVd1Lo9nHolzv1wm3g7PdrEzFVJ%2FrEOR7iuiWdL6F9apsGLUA%2FzZ3F10tnjoOzPGHui8j8FVfhWFeaOp0J0T6O0k%2FZFQDDQbVxaxSZNl8%2BeBvvPO1raClcihzswFgB%2FTJbvm3RYKqgIk37PcXZqKe4gA8XM50a%2FmF8VJJgklCJvymNDQaewgV6DgsCPCCbw0ThvRMU1Ro6tUPJUn4geQLA4ARtsQRvQsf35Rt0XWBc6p3fefqHtihbhjrj02IJU%2Fdv3KxcPuqg9OawoPZhL5LmE1IrvNnya%2FJg4NfLKGo%2BpS1Z2s3Elhas65Kl%2FQURg%3D%3D","environmentVariables":{"FIREBASE_CONFIG":"{\"projectId\":\"alphamanager-c2ca9\",\"storageBucket\":\"alphamanager-c2ca9.firebasestorage.app\"}","GCLOUD_PROJECT":"alphamanager-c2ca9","EVENTARC_CLOUD_EVENT_SOURCE":"projects/alphamanager-c2ca9/locations/us-central1/functions/updateProductStock"},"runtime":"nodejs20","buildEnvironmentVariables":{"GOOGLE_NODE_RUN_SCRIPTS":""},"dockerRegistry":"ARTIFACT_REGISTRY"},"versionId":"1","updateTime":"2025-07-03T13:34:24.382724585Z","buildId":"95bcedba-61b8-4743-a5c5-1acfa8212e86","buildName":"projects/637524389705/locations/us-central1/builds/95bcedba-61b8-4743-a5c5-1acfa8212e86"}}
[debug] [2025-07-03T13:35:13.411Z] [create-default-us-central1-updateProductStock] Retrying task index 0
[debug] [2025-07-03T13:35:13.412Z] Checked if tokens are valid: true, expires at: 1751553231832
[debug] [2025-07-03T13:35:13.412Z] Checked if tokens are valid: true, expires at: 1751553231832
[debug] [2025-07-03T13:35:13.412Z] >>> [apiv2][query] GET https://cloudfunctions.googleapis.com/v1/operations/cHJvamVjdHMvYWxwaGFtYW5hZ2VyLWMyY2E5L2xvY2F0aW9ucy91cy1jZW50cmFsMS9vcGVyYXRpb25zL29wZXJhdGlvbi0xNzUxNTQ5NjYzOTYyLTYzOTA2NmY4NmU1MzYtMmZiODMyYzktN2MzZTcwYjE [none]
[debug] [2025-07-03T13:35:13.948Z] <<< [apiv2][status] GET https://cloudfunctions.googleapis.com/v1/operations/cHJvamVjdHMvYWxwaGFtYW5hZ2VyLWMyY2E5L2xvY2F0aW9ucy91cy1jZW50cmFsMS9vcGVyYXRpb25zL29wZXJhdGlvbi0xNzUxNTQ5NjYzOTYyLTYzOTA2NmY4NmU1MzYtMmZiODMyYzktN2MzZTcwYjE 200
[debug] [2025-07-03T13:35:13.948Z] <<< [apiv2][body] GET https://cloudfunctions.googleapis.com/v1/operations/cHJvamVjdHMvYWxwaGFtYW5hZ2VyLWMyY2E5L2xvY2F0aW9ucy91cy1jZW50cmFsMS9vcGVyYXRpb25zL29wZXJhdGlvbi0xNzUxNTQ5NjYzOTYyLTYzOTA2NmY4NmU1MzYtMmZiODMyYzktN2MzZTcwYjE {"name":"operations/cHJvamVjdHMvYWxwaGFtYW5hZ2VyLWMyY2E5L2xvY2F0aW9ucy91cy1jZW50cmFsMS9vcGVyYXRpb25zL29wZXJhdGlvbi0xNzUxNTQ5NjYzOTYyLTYzOTA2NmY4NmU1MzYtMmZiODMyYzktN2MzZTcwYjE","metadata":{"@type":"type.googleapis.com/google.cloud.functions.v1.OperationMetadataV1","target":"projects/alphamanager-c2ca9/locations/us-central1/functions/updateProductStock","type":"CREATE_FUNCTION","request":{"@type":"type.googleapis.com/google.cloud.functions.v1.CloudFunction","name":"projects/alphamanager-c2ca9/locations/us-central1/functions/updateProductStock","httpsTrigger":{"securityLevel":"SECURE_ALWAYS"},"entryPoint":"updateProductStock","timeout":"300s","availableMemoryMb":512,"updateTime":"1970-01-01T00:00:00Z","labels":{"deployment-tool":"cli-firebase","firebase-functions-hash":"fcf7d8ad44e0248438e8cbedb0b5757b3a701ed3"},"sourceUploadUrl":"https://storage.googleapis.com/uploads-931284957342.us-central1.cloudfunctions.appspot.com/93b2cac3-36f0-446b-8746-c9f299cbb1e8.zip?GoogleAccessId=service-637524389705@gcf-admin-robot.iam.gserviceaccount.com&Expires=1751551462&Signature=DdOZRoIrOdjdfW0uZ6t8Bp0LVd1Lo9nHolzv1wm3g7PdrEzFVJ%2FrEOR7iuiWdL6F9apsGLUA%2FzZ3F10tnjoOzPGHui8j8FVfhWFeaOp0J0T6O0k%2FZFQDDQbVxaxSZNl8%2BeBvvPO1raClcihzswFgB%2FTJbvm3RYKqgIk37PcXZqKe4gA8XM50a%2FmF8VJJgklCJvymNDQaewgV6DgsCPCCbw0ThvRMU1Ro6tUPJUn4geQLA4ARtsQRvQsf35Rt0XWBc6p3fefqHtihbhjrj02IJU%2Fdv3KxcPuqg9OawoPZhL5LmE1IrvNnya%2FJg4NfLKGo%2BpS1Z2s3Elhas65Kl%2FQURg%3D%3D","environmentVariables":{"FIREBASE_CONFIG":"{\"projectId\":\"alphamanager-c2ca9\",\"storageBucket\":\"alphamanager-c2ca9.firebasestorage.app\"}","GCLOUD_PROJECT":"alphamanager-c2ca9","EVENTARC_CLOUD_EVENT_SOURCE":"projects/alphamanager-c2ca9/locations/us-central1/functions/updateProductStock"},"runtime":"nodejs20","buildEnvironmentVariables":{"GOOGLE_NODE_RUN_SCRIPTS":""},"dockerRegistry":"ARTIFACT_REGISTRY"},"versionId":"1","updateTime":"2025-07-03T13:34:24.382724585Z","buildId":"95bcedba-61b8-4743-a5c5-1acfa8212e86","buildName":"projects/637524389705/locations/us-central1/builds/95bcedba-61b8-4743-a5c5-1acfa8212e86"}}
[debug] [2025-07-03T13:35:23.963Z] [create-default-us-central1-updateProductStock] Retrying task index 0
[debug] [2025-07-03T13:35:23.963Z] Checked if tokens are valid: true, expires at: 1751553231832
[debug] [2025-07-03T13:35:23.964Z] Checked if tokens are valid: true, expires at: 1751553231832
[debug] [2025-07-03T13:35:23.964Z] >>> [apiv2][query] GET https://cloudfunctions.googleapis.com/v1/operations/cHJvamVjdHMvYWxwaGFtYW5hZ2VyLWMyY2E5L2xvY2F0aW9ucy91cy1jZW50cmFsMS9vcGVyYXRpb25zL29wZXJhdGlvbi0xNzUxNTQ5NjYzOTYyLTYzOTA2NmY4NmU1MzYtMmZiODMyYzktN2MzZTcwYjE [none]
[debug] [2025-07-03T13:35:24.601Z] <<< [apiv2][status] GET https://cloudfunctions.googleapis.com/v1/operations/cHJvamVjdHMvYWxwaGFtYW5hZ2VyLWMyY2E5L2xvY2F0aW9ucy91cy1jZW50cmFsMS9vcGVyYXRpb25zL29wZXJhdGlvbi0xNzUxNTQ5NjYzOTYyLTYzOTA2NmY4NmU1MzYtMmZiODMyYzktN2MzZTcwYjE 200
[debug] [2025-07-03T13:35:24.601Z] <<< [apiv2][body] GET https://cloudfunctions.googleapis.com/v1/operations/cHJvamVjdHMvYWxwaGFtYW5hZ2VyLWMyY2E5L2xvY2F0aW9ucy91cy1jZW50cmFsMS9vcGVyYXRpb25zL29wZXJhdGlvbi0xNzUxNTQ5NjYzOTYyLTYzOTA2NmY4NmU1MzYtMmZiODMyYzktN2MzZTcwYjE {"name":"operations/cHJvamVjdHMvYWxwaGFtYW5hZ2VyLWMyY2E5L2xvY2F0aW9ucy91cy1jZW50cmFsMS9vcGVyYXRpb25zL29wZXJhdGlvbi0xNzUxNTQ5NjYzOTYyLTYzOTA2NmY4NmU1MzYtMmZiODMyYzktN2MzZTcwYjE","metadata":{"@type":"type.googleapis.com/google.cloud.functions.v1.OperationMetadataV1","target":"projects/alphamanager-c2ca9/locations/us-central1/functions/updateProductStock","type":"CREATE_FUNCTION","request":{"@type":"type.googleapis.com/google.cloud.functions.v1.CloudFunction","name":"projects/alphamanager-c2ca9/locations/us-central1/functions/updateProductStock","httpsTrigger":{"securityLevel":"SECURE_ALWAYS"},"entryPoint":"updateProductStock","timeout":"300s","availableMemoryMb":512,"updateTime":"1970-01-01T00:00:00Z","labels":{"deployment-tool":"cli-firebase","firebase-functions-hash":"fcf7d8ad44e0248438e8cbedb0b5757b3a701ed3"},"sourceUploadUrl":"https://storage.googleapis.com/uploads-931284957342.us-central1.cloudfunctions.appspot.com/93b2cac3-36f0-446b-8746-c9f299cbb1e8.zip?GoogleAccessId=service-637524389705@gcf-admin-robot.iam.gserviceaccount.com&Expires=1751551462&Signature=DdOZRoIrOdjdfW0uZ6t8Bp0LVd1Lo9nHolzv1wm3g7PdrEzFVJ%2FrEOR7iuiWdL6F9apsGLUA%2FzZ3F10tnjoOzPGHui8j8FVfhWFeaOp0J0T6O0k%2FZFQDDQbVxaxSZNl8%2BeBvvPO1raClcihzswFgB%2FTJbvm3RYKqgIk37PcXZqKe4gA8XM50a%2FmF8VJJgklCJvymNDQaewgV6DgsCPCCbw0ThvRMU1Ro6tUPJUn4geQLA4ARtsQRvQsf35Rt0XWBc6p3fefqHtihbhjrj02IJU%2Fdv3KxcPuqg9OawoPZhL5LmE1IrvNnya%2FJg4NfLKGo%2BpS1Z2s3Elhas65Kl%2FQURg%3D%3D","environmentVariables":{"FIREBASE_CONFIG":"{\"projectId\":\"alphamanager-c2ca9\",\"storageBucket\":\"alphamanager-c2ca9.firebasestorage.app\"}","GCLOUD_PROJECT":"alphamanager-c2ca9","EVENTARC_CLOUD_EVENT_SOURCE":"projects/alphamanager-c2ca9/locations/us-central1/functions/updateProductStock"},"runtime":"nodejs20","buildEnvironmentVariables":{"GOOGLE_NODE_RUN_SCRIPTS":""},"dockerRegistry":"ARTIFACT_REGISTRY"},"versionId":"1","updateTime":"2025-07-03T13:34:24.382724585Z","buildId":"95bcedba-61b8-4743-a5c5-1acfa8212e86","buildName":"projects/637524389705/locations/us-central1/builds/95bcedba-61b8-4743-a5c5-1acfa8212e86"}}
[debug] [2025-07-03T13:35:34.610Z] [create-default-us-central1-updateProductStock] Retrying task index 0
[debug] [2025-07-03T13:35:34.610Z] Checked if tokens are valid: true, expires at: 1751553231832
[debug] [2025-07-03T13:35:34.610Z] Checked if tokens are valid: true, expires at: 1751553231832
[debug] [2025-07-03T13:35:34.610Z] >>> [apiv2][query] GET https://cloudfunctions.googleapis.com/v1/operations/cHJvamVjdHMvYWxwaGFtYW5hZ2VyLWMyY2E5L2xvY2F0aW9ucy91cy1jZW50cmFsMS9vcGVyYXRpb25zL29wZXJhdGlvbi0xNzUxNTQ5NjYzOTYyLTYzOTA2NmY4NmU1MzYtMmZiODMyYzktN2MzZTcwYjE [none]
[debug] [2025-07-03T13:35:35.170Z] <<< [apiv2][status] GET https://cloudfunctions.googleapis.com/v1/operations/cHJvamVjdHMvYWxwaGFtYW5hZ2VyLWMyY2E5L2xvY2F0aW9ucy91cy1jZW50cmFsMS9vcGVyYXRpb25zL29wZXJhdGlvbi0xNzUxNTQ5NjYzOTYyLTYzOTA2NmY4NmU1MzYtMmZiODMyYzktN2MzZTcwYjE 200
[debug] [2025-07-03T13:35:35.171Z] <<< [apiv2][body] GET https://cloudfunctions.googleapis.com/v1/operations/cHJvamVjdHMvYWxwaGFtYW5hZ2VyLWMyY2E5L2xvY2F0aW9ucy91cy1jZW50cmFsMS9vcGVyYXRpb25zL29wZXJhdGlvbi0xNzUxNTQ5NjYzOTYyLTYzOTA2NmY4NmU1MzYtMmZiODMyYzktN2MzZTcwYjE {"name":"operations/cHJvamVjdHMvYWxwaGFtYW5hZ2VyLWMyY2E5L2xvY2F0aW9ucy91cy1jZW50cmFsMS9vcGVyYXRpb25zL29wZXJhdGlvbi0xNzUxNTQ5NjYzOTYyLTYzOTA2NmY4NmU1MzYtMmZiODMyYzktN2MzZTcwYjE","metadata":{"@type":"type.googleapis.com/google.cloud.functions.v1.OperationMetadataV1","target":"projects/alphamanager-c2ca9/locations/us-central1/functions/updateProductStock","type":"CREATE_FUNCTION","request":{"@type":"type.googleapis.com/google.cloud.functions.v1.CloudFunction","name":"projects/alphamanager-c2ca9/locations/us-central1/functions/updateProductStock","httpsTrigger":{"securityLevel":"SECURE_ALWAYS"},"entryPoint":"updateProductStock","timeout":"300s","availableMemoryMb":512,"updateTime":"1970-01-01T00:00:00Z","labels":{"deployment-tool":"cli-firebase","firebase-functions-hash":"fcf7d8ad44e0248438e8cbedb0b5757b3a701ed3"},"sourceUploadUrl":"https://storage.googleapis.com/uploads-931284957342.us-central1.cloudfunctions.appspot.com/93b2cac3-36f0-446b-8746-c9f299cbb1e8.zip?GoogleAccessId=service-637524389705@gcf-admin-robot.iam.gserviceaccount.com&Expires=1751551462&Signature=DdOZRoIrOdjdfW0uZ6t8Bp0LVd1Lo9nHolzv1wm3g7PdrEzFVJ%2FrEOR7iuiWdL6F9apsGLUA%2FzZ3F10tnjoOzPGHui8j8FVfhWFeaOp0J0T6O0k%2FZFQDDQbVxaxSZNl8%2BeBvvPO1raClcihzswFgB%2FTJbvm3RYKqgIk37PcXZqKe4gA8XM50a%2FmF8VJJgklCJvymNDQaewgV6DgsCPCCbw0ThvRMU1Ro6tUPJUn4geQLA4ARtsQRvQsf35Rt0XWBc6p3fefqHtihbhjrj02IJU%2Fdv3KxcPuqg9OawoPZhL5LmE1IrvNnya%2FJg4NfLKGo%2BpS1Z2s3Elhas65Kl%2FQURg%3D%3D","environmentVariables":{"FIREBASE_CONFIG":"{\"projectId\":\"alphamanager-c2ca9\",\"storageBucket\":\"alphamanager-c2ca9.firebasestorage.app\"}","GCLOUD_PROJECT":"alphamanager-c2ca9","EVENTARC_CLOUD_EVENT_SOURCE":"projects/alphamanager-c2ca9/locations/us-central1/functions/updateProductStock"},"runtime":"nodejs20","buildEnvironmentVariables":{"GOOGLE_NODE_RUN_SCRIPTS":""},"dockerRegistry":"ARTIFACT_REGISTRY"},"versionId":"1","updateTime":"2025-07-03T13:35:30.783274622Z","buildId":"95bcedba-61b8-4743-a5c5-1acfa8212e86","sourceToken":"4ac61170-9532-40f7-be91-a7edf5095617","buildName":"projects/637524389705/locations/us-central1/builds/95bcedba-61b8-4743-a5c5-1acfa8212e86"},"done":true,"response":{"@type":"type.googleapis.com/google.cloud.functions.v1.CloudFunction","name":"projects/alphamanager-c2ca9/locations/us-central1/functions/updateProductStock","httpsTrigger":{"url":"https://us-central1-alphamanager-c2ca9.cloudfunctions.net/updateProductStock","securityLevel":"SECURE_ALWAYS"},"status":"ACTIVE","entryPoint":"updateProductStock","timeout":"300s","availableMemoryMb":512,"serviceAccountEmail":"alphamanager-c2ca9@appspot.gserviceaccount.com","updateTime":"2025-07-03T13:34:24.377514157Z","versionId":"1","labels":{"deployment-tool":"cli-firebase","firebase-functions-hash":"fcf7d8ad44e0248438e8cbedb0b5757b3a701ed3"},"sourceUploadUrl":"https://storage.googleapis.com/uploads-931284957342.us-central1.cloudfunctions.appspot.com/93b2cac3-36f0-446b-8746-c9f299cbb1e8.zip","environmentVariables":{"FIREBASE_CONFIG":"{\"projectId\":\"alphamanager-c2ca9\",\"storageBucket\":\"alphamanager-c2ca9.firebasestorage.app\"}","GCLOUD_PROJECT":"alphamanager-c2ca9","EVENTARC_CLOUD_EVENT_SOURCE":"projects/alphamanager-c2ca9/locations/us-central1/functions/updateProductStock"},"runtime":"nodejs20","ingressSettings":"ALLOW_ALL","buildId":"95bcedba-61b8-4743-a5c5-1acfa8212e86","buildEnvironmentVariables":{"GOOGLE_NODE_RUN_SCRIPTS":""},"buildName":"projects/637524389705/locations/us-central1/builds/95bcedba-61b8-4743-a5c5-1acfa8212e86","dockerRegistry":"ARTIFACT_REGISTRY","automaticUpdatePolicy":{},"buildServiceAccount":"projects/alphamanager-c2ca9/serviceAccounts/637524389705-compute@developer.gserviceaccount.com","satisfiesPzi":true}}
[debug] [2025-07-03T13:35:35.171Z] Got source token 4ac61170-9532-40f7-be91-a7edf5095617 for region us-central1
[debug] [2025-07-03T13:35:35.174Z] Checked if tokens are valid: true, expires at: 1751553231832
[debug] [2025-07-03T13:35:35.174Z] Checked if tokens are valid: true, expires at: 1751553231832
[debug] [2025-07-03T13:35:35.175Z] >>> [apiv2][query] POST https://cloudfunctions.googleapis.com/v1/projects/alphamanager-c2ca9/locations/us-central1/functions/updateProductStock:setIamPolicy [none]
[debug] [2025-07-03T13:35:35.175Z] >>> [apiv2][body] POST https://cloudfunctions.googleapis.com/v1/projects/alphamanager-c2ca9/locations/us-central1/functions/updateProductStock:setIamPolicy {"policy":{"bindings":[{"role":"roles/cloudfunctions.invoker","members":["allUsers"]}],"etag":"","version":3},"updateMask":"bindings,etag,version"}
[debug] [2025-07-03T13:35:35.523Z] <<< [apiv2][status] POST https://cloudfunctions.googleapis.com/v1/projects/alphamanager-c2ca9/locations/us-central1/functions/updateProductStock:setIamPolicy 400
[debug] [2025-07-03T13:35:35.524Z] <<< [apiv2][body] POST https://cloudfunctions.googleapis.com/v1/projects/alphamanager-c2ca9/locations/us-central1/functions/updateProductStock:setIamPolicy {"error":{"code":400,"message":"One or more users named in the policy do not belong to a permitted customer.","status":"FAILED_PRECONDITION","details":[{"@type":"type.googleapis.com/google.rpc.PreconditionFailure","violations":[{"type":"constraints/iam.allowedPolicyMemberDomains","subject":"orgpolicy:alphamanager-c2ca9/us-central1/updateProductStock?configvalue=allUsers","description":"User allUsers is not in permitted organization."}]}]}}
[error] Failed to set the IAM Policy on the function projects/alphamanager-c2ca9/locations/us-central1/functions/updateProductStock
[debug] [2025-07-03T13:35:35.534Z] Total Function Deployment time: 71816
[debug] [2025-07-03T13:35:35.534Z] 1 Functions Deployed
[debug] [2025-07-03T13:35:35.534Z] 1 Functions Errored
[debug] [2025-07-03T13:35:35.534Z] 0 Function Deployments Aborted
[debug] [2025-07-03T13:35:35.535Z] Average Function Deployment time: 71814
[info] 
[info] Functions deploy had errors with the following functions:
	updateProductStock(us-central1)
[info] 
[info] Unable to set the invoker for the IAM policy on the following functions:
	updateProductStock(us-central1)
[info] 
[info] Some common causes of this:
[info] 
[info] - You may not have the roles/functions.admin IAM role. Note that roles/functions.developer does not allow you to change IAM policies.
[info] 
[info] - An organization policy that restricts Network Access on your project.
[info] 
[info] One or more functions were being implicitly made publicly available on function create.
[info] Functions are not implicitly made public on updates. To try to make these functions public on next deploy, configure these functions with invoker set to "public"
[info] Function URL (updateProductStock(us-central1)): https://us-central1-alphamanager-c2ca9.cloudfunctions.net/updateProductStock
[debug] [2025-07-03T13:35:35.950Z] Checked if tokens are valid: true, expires at: 1751553231832
[debug] [2025-07-03T13:35:35.950Z] Checked if tokens are valid: true, expires at: 1751553231832
[debug] [2025-07-03T13:35:35.950Z] >>> [apiv2][query] GET https://artifactregistry.googleapis.com/v1/projects/alphamanager-c2ca9/locations/us-central1/repositories/gcf-artifacts [none]
[debug] [2025-07-03T13:35:36.618Z] <<< [apiv2][status] GET https://artifactregistry.googleapis.com/v1/projects/alphamanager-c2ca9/locations/us-central1/repositories/gcf-artifacts 200
[debug] [2025-07-03T13:35:36.619Z] <<< [apiv2][body] GET https://artifactregistry.googleapis.com/v1/projects/alphamanager-c2ca9/locations/us-central1/repositories/gcf-artifacts {"name":"projects/alphamanager-c2ca9/locations/us-central1/repositories/gcf-artifacts","format":"DOCKER","description":"This repository is created and used by Cloud Functions for storing function docker images.","labels":{"goog-managed-by":"cloudfunctions"},"createTime":"2025-06-30T12:56:14.277691Z","updateTime":"2025-07-03T13:35:14.170172Z","mode":"STANDARD_REPOSITORY","cleanupPolicies":{"firebase-functions-cleanup":{"id":"firebase-functions-cleanup","action":"DELETE","condition":{"tagState":"ANY","olderThan":"2592000s"}}},"sizeBytes":"747727144","vulnerabilityScanningConfig":{"lastEnableTime":"2025-06-30T12:55:54.923943645Z","enablementState":"SCANNING_DISABLED","enablementStateReason":"API containerscanning.googleapis.com is not enabled."},"satisfiesPzi":true,"registryUri":"us-central1-docker.pkg.dev/alphamanager-c2ca9/gcf-artifacts"}
[debug] [2025-07-03T13:35:36.619Z] Functions deploy failed.
[debug] [2025-07-03T13:35:36.620Z] {
  "endpoint": {
    "id": "updateProductStock",
    "project": "alphamanager-c2ca9",
    "region": "us-central1",
    "entryPoint": "updateProductStock",
    "platform": "gcfv1",
    "runtime": "nodejs20",
    "httpsTrigger": {},
    "serviceAccount": null,
    "ingressSettings": null,
    "availableMemoryMb": 512,
    "timeoutSeconds": 300,
    "maxInstances": null,
    "minInstances": null,
    "vpc": null,
    "environmentVariables": {
      "FIREBASE_CONFIG": "{\"projectId\":\"alphamanager-c2ca9\",\"storageBucket\":\"alphamanager-c2ca9.firebasestorage.app\"}",
      "GCLOUD_PROJECT": "alphamanager-c2ca9",
      "EVENTARC_CLOUD_EVENT_SOURCE": "projects/alphamanager-c2ca9/locations/us-central1/functions/updateProductStock"
    },
    "codebase": "default",
    "targetedByOnly": true,
    "hash": "fcf7d8ad44e0248438e8cbedb0b5757b3a701ed3",
    "labels": {
      "deployment-tool": "cli-firebase"
    },
    "uri": "https://us-central1-alphamanager-c2ca9.cloudfunctions.net/updateProductStock"
  },
  "op": "set invoker",
  "original": {
    "name": "FirebaseError",
    "children": [],
    "exit": 1,
    "message": "Failed to set the IAM Policy on the function projects/alphamanager-c2ca9/locations/us-central1/functions/updateProductStock",
    "original": {
      "name": "FirebaseError",
      "children": [],
      "context": {
        "body": {
          "error": {
            "code": 400,
            "message": "One or more users named in the policy do not belong to a permitted customer.",
            "status": "FAILED_PRECONDITION",
            "details": [
              {
                "@type": "type.googleapis.com/google.rpc.PreconditionFailure",
                "violations": [
                  {
                    "type": "constraints/iam.allowedPolicyMemberDomains",
                    "subject": "orgpolicy:alphamanager-c2ca9/us-central1/updateProductStock?configvalue=allUsers",
                    "description": "User allUsers is not in permitted organization."
                  }
                ]
              }
            ]
          }
        },
        "response": {
          "statusCode": 400
        }
      },
      "exit": 1,
      "message": "Request to https://cloudfunctions.googleapis.com/v1/projects/alphamanager-c2ca9/locations/us-central1/functions/updateProductStock:setIamPolicy had HTTP Error: 400, One or more users named in the policy do not belong to a permitted customer.",
      "status": 400
    },
    "status": 400,
    "code": 400
  }
}
[debug] [2025-07-03T13:35:36.748Z] Error: Failed to set invoker function updateProductStock in region us-central1
    at C:\Users\alpha\AppData\Roaming\npm\node_modules\firebase-tools\lib\deploy\functions\release\fabricator.js:52:11
    at process.processTicksAndRejections (node:internal/process/task_queues:105:5)
    at async Fabricator.createV1Function (C:\Users\alpha\AppData\Roaming\npm\node_modules\firebase-tools\lib\deploy\functions\release\fabricator.js:193:17)
    at async Fabricator.createEndpoint (C:\Users\alpha\AppData\Roaming\npm\node_modules\firebase-tools\lib\deploy\functions\release\fabricator.js:134:13)
    at async handle (C:\Users\alpha\AppData\Roaming\npm\node_modules\firebase-tools\lib\deploy\functions\release\fabricator.js:89:17)
[error] 
[error] Error: There was an error deploying functions
